TN:
SF:index.js
FN:6,(anonymous_0)
FN:15,(anonymous_1)
FN:44,(anonymous_2)
FN:63,(anonymous_3)
FN:89,(anonymous_4)
FN:119,(anonymous_5)
FN:131,(anonymous_6)
FN:144,(anonymous_7)
FN:175,(anonymous_8)
FN:194,(anonymous_9)
FNF:10
FNH:10
FNDA:20,(anonymous_0)
FNDA:19,(anonymous_1)
FNDA:1117,(anonymous_2)
FNDA:1119,(anonymous_3)
FNDA:1115,(anonymous_4)
FNDA:3,(anonymous_5)
FNDA:3,(anonymous_6)
FNDA:6,(anonymous_7)
FNDA:2,(anonymous_8)
FNDA:1,(anonymous_9)
DA:7,20
DA:8,20
DA:16,19
DA:17,19
DA:18,1
DA:19,0
DA:21,1
DA:22,1
DA:24,0
DA:25,0
DA:28,1
DA:30,18
DA:31,17
DA:32,17
DA:33,17
DA:35,1
DA:45,1117
DA:46,1117
DA:47,1117
DA:52,1
DA:53,1
DA:64,1119
DA:65,0
DA:68,1119
DA:69,3
DA:72,1116
DA:73,0
DA:76,1116
DA:77,0
DA:90,1115
DA:91,1
DA:94,1114
DA:97,1112
DA:98,1112
DA:99,1
DA:102,1111
DA:103,1111
DA:110,1111
DA:111,1111
DA:112,1110
DA:120,3
DA:121,1
DA:123,2
DA:132,3
DA:133,0
DA:135,3
DA:145,6
DA:146,0
DA:149,6
DA:150,6
DA:151,1
DA:155,5
DA:156,5
DA:158,4
DA:165,4
DA:166,4
DA:167,4
DA:176,2
DA:177,0
DA:180,2
DA:181,1
DA:184,1
DA:185,1
DA:195,1
DA:196,0
DA:200,1
DA:201,2
DA:202,0
DA:207,1
DA:208,2
DA:212,1
LF:71
LH:60
BRDA:18,0,0,0
BRDA:18,0,1,1
BRDA:18,1,0,1
BRDA:18,1,1,1
BRDA:30,2,0,17
BRDA:30,2,1,1
BRDA:64,3,0,0
BRDA:64,3,1,1119
BRDA:64,4,0,1119
BRDA:64,4,1,1119
BRDA:68,5,0,3
BRDA:68,5,1,1116
BRDA:68,6,0,1119
BRDA:68,6,1,1116
BRDA:68,6,2,1116
BRDA:72,7,0,0
BRDA:72,7,1,1116
BRDA:72,8,0,1116
BRDA:72,8,1,1115
BRDA:76,9,0,0
BRDA:76,9,1,1116
BRDA:76,10,0,1116
BRDA:76,10,1,1105
BRDA:76,10,2,0
BRDA:90,11,0,1
BRDA:90,11,1,1114
BRDA:98,12,0,1
BRDA:98,12,1,1111
BRDA:120,13,0,1
BRDA:120,13,1,2
BRDA:132,14,0,0
BRDA:132,14,1,3
BRDA:135,15,0,3
BRDA:135,15,1,0
BRDA:145,16,0,0
BRDA:145,16,1,6
BRDA:150,17,0,1
BRDA:150,17,1,5
BRDA:176,18,0,0
BRDA:176,18,1,2
BRDA:180,19,0,1
BRDA:180,19,1,1
BRDA:195,20,0,0
BRDA:195,20,1,1
BRDA:201,21,0,0
BRDA:201,21,1,2
BRF:46
BRH:35
end_of_record
TN:
SF:performance-monitor.js
FN:6,(anonymous_0)
FN:24,(anonymous_1)
FN:33,(anonymous_2)
FN:44,(anonymous_3)
FN:63,(anonymous_4)
FN:71,(anonymous_5)
FN:80,(anonymous_6)
FN:81,(anonymous_7)
FN:93,(anonymous_8)
FN:97,(anonymous_9)
FNF:10
FNH:4
FNDA:12,(anonymous_0)
FNDA:4,(anonymous_1)
FNDA:4,(anonymous_2)
FNDA:4,(anonymous_3)
FNDA:0,(anonymous_4)
FNDA:0,(anonymous_5)
FNDA:0,(anonymous_6)
FNDA:0,(anonymous_7)
FNDA:0,(anonymous_8)
FNDA:0,(anonymous_9)
DA:7,12
DA:8,12
DA:16,12
DA:25,4
DA:34,4
DA:35,4
DA:36,4
DA:45,4
DA:48,4
DA:49,4
DA:50,0
DA:64,0
DA:72,0
DA:81,0
DA:82,0
DA:83,0
DA:85,0
DA:94,0
DA:98,0
LF:19
LH:10
BRDA:49,0,0,0
BRDA:49,0,1,4
BRDA:49,1,0,4
BRDA:49,1,1,2
BRF:4
BRH:3
end_of_record
