{"/Users/suheng/my-project/xiuhuazhen/WeChatProjects/miniprogram/services/SyncAdapter.js": {"path":"/Users/suheng/my-project/xiuhuazhen/WeChatProjects/miniprogram/services/SyncAdapter.js","statementMap":{"0":{"start":{"line":10,"column":15},"end":{"line":10,"column":46}},"1":{"start":{"line":16,"column":18},"end":{"line":609,"column":1}},"2":{"start":{"line":23,"column":18},"end":{"line":23,"column":37}},"3":{"start":{"line":26,"column":4},"end":{"line":26,"column":24}},"4":{"start":{"line":27,"column":4},"end":{"line":27,"column":24}},"5":{"start":{"line":28,"column":4},"end":{"line":28,"column":33}},"6":{"start":{"line":30,"column":4},"end":{"line":30,"column":19}},"7":{"start":{"line":42,"column":4},"end":{"line":42,"column":28}},"8":{"start":{"line":43,"column":4},"end":{"line":43,"column":40}},"9":{"start":{"line":44,"column":4},"end":{"line":44,"column":39}},"10":{"start":{"line":47,"column":4},"end":{"line":47,"column":24}},"11":{"start":{"line":50,"column":4},"end":{"line":50,"column":28}},"12":{"start":{"line":52,"column":4},"end":{"line":52,"column":45}},"13":{"start":{"line":55,"column":4},"end":{"line":58,"column":7}},"14":{"start":{"line":60,"column":4},"end":{"line":60,"column":16}},"15":{"start":{"line":68,"column":4},"end":{"line":196,"column":5}},"16":{"start":{"line":70,"column":6},"end":{"line":94,"column":8}},"17":{"start":{"line":72,"column":10},"end":{"line":76,"column":11}},"18":{"start":{"line":73,"column":12},"end":{"line":73,"column":59}},"19":{"start":{"line":75,"column":12},"end":{"line":75,"column":39}},"20":{"start":{"line":79,"column":10},"end":{"line":84,"column":11}},"21":{"start":{"line":80,"column":12},"end":{"line":80,"column":42}},"22":{"start":{"line":81,"column":12},"end":{"line":81,"column":41}},"23":{"start":{"line":83,"column":12},"end":{"line":83,"column":39}},"24":{"start":{"line":87,"column":10},"end":{"line":92,"column":11}},"25":{"start":{"line":88,"column":12},"end":{"line":88,"column":38}},"26":{"start":{"line":89,"column":12},"end":{"line":89,"column":41}},"27":{"start":{"line":91,"column":12},"end":{"line":91,"column":39}},"28":{"start":{"line":95,"column":11},"end":{"line":196,"column":5}},"29":{"start":{"line":97,"column":6},"end":{"line":193,"column":8}},"30":{"start":{"line":99,"column":10},"end":{"line":120,"column":13}},"31":{"start":{"line":101,"column":12},"end":{"line":119,"column":15}},"32":{"start":{"line":110,"column":14},"end":{"line":114,"column":15}},"33":{"start":{"line":111,"column":16},"end":{"line":111,"column":41}},"34":{"start":{"line":113,"column":16},"end":{"line":113,"column":30}},"35":{"start":{"line":117,"column":14},"end":{"line":117,"column":46}},"36":{"start":{"line":118,"column":14},"end":{"line":118,"column":26}},"37":{"start":{"line":123,"column":10},"end":{"line":144,"column":13}},"38":{"start":{"line":125,"column":12},"end":{"line":143,"column":15}},"39":{"start":{"line":134,"column":14},"end":{"line":138,"column":15}},"40":{"start":{"line":135,"column":16},"end":{"line":135,"column":30}},"41":{"start":{"line":137,"column":16},"end":{"line":137,"column":78}},"42":{"start":{"line":141,"column":14},"end":{"line":141,"column":46}},"43":{"start":{"line":142,"column":14},"end":{"line":142,"column":26}},"44":{"start":{"line":147,"column":10},"end":{"line":167,"column":13}},"45":{"start":{"line":149,"column":12},"end":{"line":166,"column":15}},"46":{"start":{"line":157,"column":14},"end":{"line":161,"column":15}},"47":{"start":{"line":158,"column":16},"end":{"line":158,"column":30}},"48":{"start":{"line":160,"column":16},"end":{"line":160,"column":78}},"49":{"start":{"line":164,"column":14},"end":{"line":164,"column":46}},"50":{"start":{"line":165,"column":14},"end":{"line":165,"column":26}},"51":{"start":{"line":170,"column":10},"end":{"line":191,"column":13}},"52":{"start":{"line":172,"column":12},"end":{"line":190,"column":15}},"53":{"start":{"line":181,"column":14},"end":{"line":185,"column":15}},"54":{"start":{"line":182,"column":16},"end":{"line":182,"column":47}},"55":{"start":{"line":184,"column":16},"end":{"line":184,"column":28}},"56":{"start":{"line":188,"column":14},"end":{"line":188,"column":46}},"57":{"start":{"line":189,"column":14},"end":{"line":189,"column":26}},"58":{"start":{"line":195,"column":6},"end":{"line":195,"column":49}},"59":{"start":{"line":204,"column":15},"end":{"line":204,"column":19}},"60":{"start":{"line":206,"column":4},"end":{"line":226,"column":5}},"61":{"start":{"line":208,"column":16},"end":{"line":208,"column":43}},"62":{"start":{"line":209,"column":6},"end":{"line":222,"column":11}},"63":{"start":{"line":211,"column":10},"end":{"line":217,"column":11}},"64":{"start":{"line":212,"column":12},"end":{"line":212,"column":43}},"65":{"start":{"line":213,"column":12},"end":{"line":213,"column":45}},"66":{"start":{"line":215,"column":12},"end":{"line":215,"column":38}},"67":{"start":{"line":216,"column":12},"end":{"line":216,"column":56}},"68":{"start":{"line":220,"column":10},"end":{"line":220,"column":42}},"69":{"start":{"line":221,"column":10},"end":{"line":221,"column":36}},"70":{"start":{"line":224,"column":6},"end":{"line":224,"column":39}},"71":{"start":{"line":225,"column":6},"end":{"line":225,"column":32}},"72":{"start":{"line":234,"column":14},"end":{"line":234,"column":41}},"73":{"start":{"line":235,"column":4},"end":{"line":239,"column":9}},"74":{"start":{"line":237,"column":8},"end":{"line":237,"column":40}},"75":{"start":{"line":238,"column":8},"end":{"line":238,"column":35}},"76":{"start":{"line":250,"column":14},"end":{"line":250,"column":46}},"77":{"start":{"line":251,"column":4},"end":{"line":251,"column":33}},"78":{"start":{"line":263,"column":15},"end":{"line":263,"column":19}},"79":{"start":{"line":264,"column":14},"end":{"line":264,"column":46}},"80":{"start":{"line":267,"column":14},"end":{"line":267,"column":38}},"81":{"start":{"line":268,"column":4},"end":{"line":268,"column":34}},"82":{"start":{"line":269,"column":4},"end":{"line":269,"column":31}},"83":{"start":{"line":270,"column":4},"end":{"line":270,"column":39}},"84":{"start":{"line":271,"column":4},"end":{"line":271,"column":23}},"85":{"start":{"line":273,"column":4},"end":{"line":275,"column":5}},"86":{"start":{"line":274,"column":6},"end":{"line":274,"column":33}},"87":{"start":{"line":277,"column":4},"end":{"line":280,"column":5}},"88":{"start":{"line":279,"column":6},"end":{"line":279,"column":38}},"89":{"start":{"line":282,"column":4},"end":{"line":295,"column":9}},"90":{"start":{"line":285,"column":8},"end":{"line":292,"column":11}},"91":{"start":{"line":294,"column":8},"end":{"line":294,"column":20}},"92":{"start":{"line":306,"column":15},"end":{"line":306,"column":19}},"93":{"start":{"line":307,"column":14},"end":{"line":307,"column":46}},"94":{"start":{"line":308,"column":4},"end":{"line":308,"column":28}},"95":{"start":{"line":311,"column":4},"end":{"line":335,"column":5}},"96":{"start":{"line":312,"column":6},"end":{"line":334,"column":11}},"97":{"start":{"line":314,"column":10},"end":{"line":320,"column":11}},"98":{"start":{"line":315,"column":12},"end":{"line":315,"column":42}},"99":{"start":{"line":316,"column":12},"end":{"line":316,"column":38}},"100":{"start":{"line":317,"column":12},"end":{"line":317,"column":60}},"101":{"start":{"line":319,"column":12},"end":{"line":319,"column":51}},"102":{"start":{"line":321,"column":10},"end":{"line":321,"column":22}},"103":{"start":{"line":325,"column":10},"end":{"line":331,"column":13}},"104":{"start":{"line":333,"column":10},"end":{"line":333,"column":22}},"105":{"start":{"line":338,"column":4},"end":{"line":350,"column":9}},"106":{"start":{"line":341,"column":8},"end":{"line":347,"column":11}},"107":{"start":{"line":349,"column":8},"end":{"line":349,"column":20}},"108":{"start":{"line":361,"column":4},"end":{"line":364,"column":5}},"109":{"start":{"line":363,"column":6},"end":{"line":363,"column":60}},"110":{"start":{"line":367,"column":15},"end":{"line":367,"column":19}},"111":{"start":{"line":368,"column":18},"end":{"line":368,"column":20}},"112":{"start":{"line":369,"column":17},"end":{"line":369,"column":33}},"113":{"start":{"line":372,"column":4},"end":{"line":397,"column":9}},"114":{"start":{"line":375,"column":29},"end":{"line":377,"column":10}},"115":{"start":{"line":376,"column":10},"end":{"line":376,"column":43}},"116":{"start":{"line":380,"column":23},"end":{"line":390,"column":10}},"117":{"start":{"line":381,"column":10},"end":{"line":389,"column":15}},"118":{"start":{"line":383,"column":14},"end":{"line":385,"column":15}},"119":{"start":{"line":384,"column":16},"end":{"line":384,"column":35}},"120":{"start":{"line":388,"column":14},"end":{"line":388,"column":49}},"121":{"start":{"line":393,"column":8},"end":{"line":393,"column":37}},"122":{"start":{"line":396,"column":8},"end":{"line":396,"column":23}},"123":{"start":{"line":408,"column":4},"end":{"line":408,"column":31}},"124":{"start":{"line":420,"column":4},"end":{"line":422,"column":5}},"125":{"start":{"line":421,"column":6},"end":{"line":421,"column":18}},"126":{"start":{"line":424,"column":4},"end":{"line":428,"column":5}},"127":{"start":{"line":425,"column":6},"end":{"line":427,"column":7}},"128":{"start":{"line":426,"column":8},"end":{"line":426,"column":21}},"129":{"start":{"line":430,"column":4},"end":{"line":430,"column":16}},"130":{"start":{"line":441,"column":4},"end":{"line":441,"column":33}},"131":{"start":{"line":450,"column":4},"end":{"line":450,"column":52}},"132":{"start":{"line":460,"column":4},"end":{"line":460,"column":46}},"133":{"start":{"line":461,"column":4},"end":{"line":461,"column":35}},"134":{"start":{"line":471,"column":15},"end":{"line":471,"column":19}},"135":{"start":{"line":474,"column":16},"end":{"line":476,"column":5}},"136":{"start":{"line":478,"column":4},"end":{"line":482,"column":5}},"137":{"start":{"line":479,"column":6},"end":{"line":481,"column":8}},"138":{"start":{"line":484,"column":4},"end":{"line":487,"column":5}},"139":{"start":{"line":486,"column":6},"end":{"line":486,"column":42}},"140":{"start":{"line":490,"column":4},"end":{"line":501,"column":9}},"141":{"start":{"line":493,"column":8},"end":{"line":498,"column":9}},"142":{"start":{"line":494,"column":10},"end":{"line":497,"column":15}},"143":{"start":{"line":496,"column":14},"end":{"line":496,"column":48}},"144":{"start":{"line":500,"column":8},"end":{"line":500,"column":21}},"145":{"start":{"line":511,"column":15},"end":{"line":511,"column":19}},"146":{"start":{"line":512,"column":16},"end":{"line":517,"column":5}},"147":{"start":{"line":520,"column":19},"end":{"line":561,"column":6}},"148":{"start":{"line":521,"column":15},"end":{"line":521,"column":46}},"149":{"start":{"line":522,"column":22},"end":{"line":522,"column":78}},"150":{"start":{"line":524,"column":6},"end":{"line":533,"column":7}},"151":{"start":{"line":525,"column":8},"end":{"line":525,"column":23}},"152":{"start":{"line":526,"column":8},"end":{"line":531,"column":11}},"153":{"start":{"line":532,"column":8},"end":{"line":532,"column":33}},"154":{"start":{"line":537,"column":6},"end":{"line":541,"column":7}},"155":{"start":{"line":538,"column":8},"end":{"line":538,"column":46}},"156":{"start":{"line":540,"column":8},"end":{"line":540,"column":52}},"157":{"start":{"line":543,"column":6},"end":{"line":560,"column":11}},"158":{"start":{"line":545,"column":10},"end":{"line":545,"column":26}},"159":{"start":{"line":546,"column":10},"end":{"line":550,"column":13}},"160":{"start":{"line":553,"column":10},"end":{"line":553,"column":25}},"161":{"start":{"line":554,"column":10},"end":{"line":559,"column":13}},"162":{"start":{"line":563,"column":4},"end":{"line":566,"column":9}},"163":{"start":{"line":565,"column":8},"end":{"line":565,"column":21}},"164":{"start":{"line":576,"column":15},"end":{"line":576,"column":19}},"165":{"start":{"line":577,"column":16},"end":{"line":581,"column":5}},"166":{"start":{"line":583,"column":4},"end":{"line":585,"column":5}},"167":{"start":{"line":584,"column":6},"end":{"line":584,"column":36}},"168":{"start":{"line":587,"column":19},"end":{"line":602,"column":6}},"169":{"start":{"line":588,"column":6},"end":{"line":601,"column":11}},"170":{"start":{"line":590,"column":10},"end":{"line":593,"column":11}},"171":{"start":{"line":591,"column":12},"end":{"line":591,"column":45}},"172":{"start":{"line":592,"column":12},"end":{"line":592,"column":51}},"173":{"start":{"line":594,"column":10},"end":{"line":594,"column":22}},"174":{"start":{"line":597,"column":10},"end":{"line":597,"column":26}},"175":{"start":{"line":600,"column":10},"end":{"line":600,"column":25}},"176":{"start":{"line":604,"column":4},"end":{"line":607,"column":9}},"177":{"start":{"line":606,"column":8},"end":{"line":606,"column":21}},"178":{"start":{"line":611,"column":0},"end":{"line":611,"column":29}}},"fnMap":{"0":{"name":"(anonymous_0)","decl":{"start":{"line":21,"column":10},"end":{"line":21,"column":11}},"loc":{"start":{"line":21,"column":21},"end":{"line":31,"column":3}},"line":21},"1":{"name":"(anonymous_1)","decl":{"start":{"line":40,"column":8},"end":{"line":40,"column":9}},"loc":{"start":{"line":40,"column":26},"end":{"line":61,"column":3}},"line":40},"2":{"name":"(anonymous_2)","decl":{"start":{"line":67,"column":16},"end":{"line":67,"column":17}},"loc":{"start":{"line":67,"column":27},"end":{"line":197,"column":3}},"line":67},"3":{"name":"(anonymous_3)","decl":{"start":{"line":71,"column":13},"end":{"line":71,"column":14}},"loc":{"start":{"line":71,"column":27},"end":{"line":77,"column":9}},"line":71},"4":{"name":"(anonymous_4)","decl":{"start":{"line":78,"column":13},"end":{"line":78,"column":14}},"loc":{"start":{"line":78,"column":34},"end":{"line":85,"column":9}},"line":78},"5":{"name":"(anonymous_5)","decl":{"start":{"line":86,"column":16},"end":{"line":86,"column":17}},"loc":{"start":{"line":86,"column":30},"end":{"line":93,"column":9}},"line":86},"6":{"name":"(anonymous_6)","decl":{"start":{"line":98,"column":13},"end":{"line":98,"column":14}},"loc":{"start":{"line":98,"column":27},"end":{"line":121,"column":9}},"line":98},"7":{"name":"(anonymous_7)","decl":{"start":{"line":99,"column":29},"end":{"line":99,"column":30}},"loc":{"start":{"line":99,"column":55},"end":{"line":120,"column":11}},"line":99},"8":{"name":"(anonymous_8)","decl":{"start":{"line":108,"column":18},"end":{"line":108,"column":19}},"loc":{"start":{"line":108,"column":32},"end":{"line":115,"column":13}},"line":108},"9":{"name":"(anonymous_9)","decl":{"start":{"line":116,"column":19},"end":{"line":116,"column":20}},"loc":{"start":{"line":116,"column":33},"end":{"line":119,"column":13}},"line":116},"10":{"name":"(anonymous_10)","decl":{"start":{"line":122,"column":13},"end":{"line":122,"column":14}},"loc":{"start":{"line":122,"column":34},"end":{"line":145,"column":9}},"line":122},"11":{"name":"(anonymous_11)","decl":{"start":{"line":123,"column":29},"end":{"line":123,"column":30}},"loc":{"start":{"line":123,"column":55},"end":{"line":144,"column":11}},"line":123},"12":{"name":"(anonymous_12)","decl":{"start":{"line":133,"column":18},"end":{"line":133,"column":19}},"loc":{"start":{"line":133,"column":32},"end":{"line":139,"column":13}},"line":133},"13":{"name":"(anonymous_13)","decl":{"start":{"line":140,"column":19},"end":{"line":140,"column":20}},"loc":{"start":{"line":140,"column":33},"end":{"line":143,"column":13}},"line":140},"14":{"name":"(anonymous_14)","decl":{"start":{"line":146,"column":16},"end":{"line":146,"column":17}},"loc":{"start":{"line":146,"column":30},"end":{"line":168,"column":9}},"line":146},"15":{"name":"(anonymous_15)","decl":{"start":{"line":147,"column":29},"end":{"line":147,"column":30}},"loc":{"start":{"line":147,"column":55},"end":{"line":167,"column":11}},"line":147},"16":{"name":"(anonymous_16)","decl":{"start":{"line":156,"column":18},"end":{"line":156,"column":19}},"loc":{"start":{"line":156,"column":32},"end":{"line":162,"column":13}},"line":156},"17":{"name":"(anonymous_17)","decl":{"start":{"line":163,"column":19},"end":{"line":163,"column":20}},"loc":{"start":{"line":163,"column":33},"end":{"line":166,"column":13}},"line":163},"18":{"name":"(anonymous_18)","decl":{"start":{"line":169,"column":15},"end":{"line":169,"column":16}},"loc":{"start":{"line":169,"column":43},"end":{"line":192,"column":9}},"line":169},"19":{"name":"(anonymous_19)","decl":{"start":{"line":170,"column":29},"end":{"line":170,"column":30}},"loc":{"start":{"line":170,"column":55},"end":{"line":191,"column":11}},"line":170},"20":{"name":"(anonymous_20)","decl":{"start":{"line":180,"column":18},"end":{"line":180,"column":19}},"loc":{"start":{"line":180,"column":32},"end":{"line":186,"column":13}},"line":180},"21":{"name":"(anonymous_21)","decl":{"start":{"line":187,"column":19},"end":{"line":187,"column":20}},"loc":{"start":{"line":187,"column":33},"end":{"line":190,"column":13}},"line":187},"22":{"name":"(anonymous_22)","decl":{"start":{"line":203,"column":20},"end":{"line":203,"column":21}},"loc":{"start":{"line":203,"column":31},"end":{"line":227,"column":3}},"line":203},"23":{"name":"(anonymous_23)","decl":{"start":{"line":210,"column":14},"end":{"line":210,"column":15}},"loc":{"start":{"line":210,"column":32},"end":{"line":218,"column":9}},"line":210},"24":{"name":"(anonymous_24)","decl":{"start":{"line":219,"column":15},"end":{"line":219,"column":16}},"loc":{"start":{"line":219,"column":29},"end":{"line":222,"column":9}},"line":219},"25":{"name":"(anonymous_25)","decl":{"start":{"line":233,"column":20},"end":{"line":233,"column":21}},"loc":{"start":{"line":233,"column":31},"end":{"line":240,"column":3}},"line":233},"26":{"name":"(anonymous_26)","decl":{"start":{"line":236,"column":13},"end":{"line":236,"column":14}},"loc":{"start":{"line":236,"column":27},"end":{"line":239,"column":7}},"line":236},"27":{"name":"(anonymous_27)","decl":{"start":{"line":249,"column":7},"end":{"line":249,"column":8}},"loc":{"start":{"line":249,"column":41},"end":{"line":252,"column":3}},"line":249},"28":{"name":"(anonymous_28)","decl":{"start":{"line":262,"column":8},"end":{"line":262,"column":9}},"loc":{"start":{"line":262,"column":48},"end":{"line":296,"column":3}},"line":262},"29":{"name":"(anonymous_29)","decl":{"start":{"line":283,"column":12},"end":{"line":283,"column":13}},"loc":{"start":{"line":283,"column":23},"end":{"line":295,"column":7}},"line":283},"30":{"name":"(anonymous_30)","decl":{"start":{"line":305,"column":10},"end":{"line":305,"column":11}},"loc":{"start":{"line":305,"column":44},"end":{"line":351,"column":3}},"line":305},"31":{"name":"(anonymous_31)","decl":{"start":{"line":313,"column":14},"end":{"line":313,"column":15}},"loc":{"start":{"line":313,"column":29},"end":{"line":322,"column":9}},"line":313},"32":{"name":"(anonymous_32)","decl":{"start":{"line":323,"column":14},"end":{"line":323,"column":15}},"loc":{"start":{"line":323,"column":25},"end":{"line":334,"column":9}},"line":323},"33":{"name":"(anonymous_33)","decl":{"start":{"line":339,"column":12},"end":{"line":339,"column":13}},"loc":{"start":{"line":339,"column":23},"end":{"line":350,"column":7}},"line":339},"34":{"name":"(anonymous_34)","decl":{"start":{"line":360,"column":9},"end":{"line":360,"column":10}},"loc":{"start":{"line":360,"column":46},"end":{"line":398,"column":3}},"line":360},"35":{"name":"(anonymous_35)","decl":{"start":{"line":373,"column":12},"end":{"line":373,"column":13}},"loc":{"start":{"line":373,"column":27},"end":{"line":394,"column":7}},"line":373},"36":{"name":"(anonymous_36)","decl":{"start":{"line":375,"column":41},"end":{"line":375,"column":42}},"loc":{"start":{"line":375,"column":55},"end":{"line":377,"column":9}},"line":375},"37":{"name":"(anonymous_37)","decl":{"start":{"line":380,"column":42},"end":{"line":380,"column":43}},"loc":{"start":{"line":380,"column":56},"end":{"line":390,"column":9}},"line":380},"38":{"name":"(anonymous_38)","decl":{"start":{"line":382,"column":18},"end":{"line":382,"column":19}},"loc":{"start":{"line":382,"column":33},"end":{"line":386,"column":13}},"line":382},"39":{"name":"(anonymous_39)","decl":{"start":{"line":387,"column":19},"end":{"line":387,"column":20}},"loc":{"start":{"line":387,"column":33},"end":{"line":389,"column":13}},"line":387},"40":{"name":"(anonymous_40)","decl":{"start":{"line":395,"column":12},"end":{"line":395,"column":13}},"loc":{"start":{"line":395,"column":23},"end":{"line":397,"column":7}},"line":395},"41":{"name":"(anonymous_41)","decl":{"start":{"line":405,"column":15},"end":{"line":405,"column":16}},"loc":{"start":{"line":405,"column":26},"end":{"line":409,"column":3}},"line":405},"42":{"name":"(anonymous_42)","decl":{"start":{"line":418,"column":15},"end":{"line":418,"column":16}},"loc":{"start":{"line":418,"column":37},"end":{"line":431,"column":3}},"line":418},"43":{"name":"(anonymous_43)","decl":{"start":{"line":440,"column":15},"end":{"line":440,"column":16}},"loc":{"start":{"line":440,"column":40},"end":{"line":442,"column":3}},"line":440},"44":{"name":"(anonymous_44)","decl":{"start":{"line":449,"column":21},"end":{"line":449,"column":22}},"loc":{"start":{"line":449,"column":42},"end":{"line":451,"column":3}},"line":449},"45":{"name":"(anonymous_45)","decl":{"start":{"line":459,"column":21},"end":{"line":459,"column":22}},"loc":{"start":{"line":459,"column":50},"end":{"line":462,"column":3}},"line":459},"46":{"name":"(anonymous_46)","decl":{"start":{"line":470,"column":14},"end":{"line":470,"column":15}},"loc":{"start":{"line":470,"column":42},"end":{"line":502,"column":3}},"line":470},"47":{"name":"(anonymous_47)","decl":{"start":{"line":491,"column":12},"end":{"line":491,"column":13}},"loc":{"start":{"line":491,"column":28},"end":{"line":501,"column":7}},"line":491},"48":{"name":"(anonymous_48)","decl":{"start":{"line":495,"column":18},"end":{"line":495,"column":19}},"loc":{"start":{"line":495,"column":41},"end":{"line":497,"column":13}},"line":495},"49":{"name":"(anonymous_49)","decl":{"start":{"line":510,"column":16},"end":{"line":510,"column":17}},"loc":{"start":{"line":510,"column":46},"end":{"line":567,"column":3}},"line":510},"50":{"name":"(anonymous_50)","decl":{"start":{"line":520,"column":31},"end":{"line":520,"column":32}},"loc":{"start":{"line":520,"column":48},"end":{"line":561,"column":5}},"line":520},"51":{"name":"(anonymous_51)","decl":{"start":{"line":544,"column":14},"end":{"line":544,"column":15}},"loc":{"start":{"line":544,"column":25},"end":{"line":551,"column":9}},"line":544},"52":{"name":"(anonymous_52)","decl":{"start":{"line":552,"column":15},"end":{"line":552,"column":16}},"loc":{"start":{"line":552,"column":29},"end":{"line":560,"column":9}},"line":552},"53":{"name":"(anonymous_53)","decl":{"start":{"line":564,"column":12},"end":{"line":564,"column":13}},"loc":{"start":{"line":564,"column":23},"end":{"line":566,"column":7}},"line":564},"54":{"name":"(anonymous_54)","decl":{"start":{"line":575,"column":27},"end":{"line":575,"column":28}},"loc":{"start":{"line":575,"column":53},"end":{"line":608,"column":3}},"line":575},"55":{"name":"(anonymous_55)","decl":{"start":{"line":587,"column":27},"end":{"line":587,"column":28}},"loc":{"start":{"line":587,"column":40},"end":{"line":602,"column":5}},"line":587},"56":{"name":"(anonymous_56)","decl":{"start":{"line":589,"column":14},"end":{"line":589,"column":15}},"loc":{"start":{"line":589,"column":29},"end":{"line":595,"column":9}},"line":589},"57":{"name":"(anonymous_57)","decl":{"start":{"line":596,"column":14},"end":{"line":596,"column":15}},"loc":{"start":{"line":596,"column":25},"end":{"line":598,"column":9}},"line":596},"58":{"name":"(anonymous_58)","decl":{"start":{"line":599,"column":15},"end":{"line":599,"column":16}},"loc":{"start":{"line":599,"column":26},"end":{"line":601,"column":9}},"line":599},"59":{"name":"(anonymous_59)","decl":{"start":{"line":605,"column":12},"end":{"line":605,"column":13}},"loc":{"start":{"line":605,"column":23},"end":{"line":607,"column":7}},"line":605}},"branchMap":{"0":{"loc":{"start":{"line":42,"column":14},"end":{"line":42,"column":27}},"type":"binary-expr","locations":[{"start":{"line":42,"column":14},"end":{"line":42,"column":21}},{"start":{"line":42,"column":25},"end":{"line":42,"column":27}}],"line":42},"1":{"loc":{"start":{"line":43,"column":16},"end":{"line":43,"column":39}},"type":"binary-expr","locations":[{"start":{"line":43,"column":16},"end":{"line":43,"column":28}},{"start":{"line":43,"column":32},"end":{"line":43,"column":39}}],"line":43},"2":{"loc":{"start":{"line":44,"column":18},"end":{"line":44,"column":38}},"type":"binary-expr","locations":[{"start":{"line":44,"column":18},"end":{"line":44,"column":32}},{"start":{"line":44,"column":36},"end":{"line":44,"column":38}}],"line":44},"3":{"loc":{"start":{"line":68,"column":4},"end":{"line":196,"column":5}},"type":"if","locations":[{"start":{"line":68,"column":4},"end":{"line":196,"column":5}},{"start":{"line":95,"column":11},"end":{"line":196,"column":5}}],"line":68},"4":{"loc":{"start":{"line":95,"column":11},"end":{"line":196,"column":5}},"type":"if","locations":[{"start":{"line":95,"column":11},"end":{"line":196,"column":5}},{"start":{"line":194,"column":11},"end":{"line":196,"column":5}}],"line":95},"5":{"loc":{"start":{"line":110,"column":14},"end":{"line":114,"column":15}},"type":"if","locations":[{"start":{"line":110,"column":14},"end":{"line":114,"column":15}},{"start":{"line":112,"column":21},"end":{"line":114,"column":15}}],"line":110},"6":{"loc":{"start":{"line":110,"column":18},"end":{"line":110,"column":50}},"type":"binary-expr","locations":[{"start":{"line":110,"column":18},"end":{"line":110,"column":28}},{"start":{"line":110,"column":32},"end":{"line":110,"column":50}}],"line":110},"7":{"loc":{"start":{"line":134,"column":14},"end":{"line":138,"column":15}},"type":"if","locations":[{"start":{"line":134,"column":14},"end":{"line":138,"column":15}},{"start":{"line":136,"column":21},"end":{"line":138,"column":15}}],"line":134},"8":{"loc":{"start":{"line":134,"column":18},"end":{"line":134,"column":50}},"type":"binary-expr","locations":[{"start":{"line":134,"column":18},"end":{"line":134,"column":28}},{"start":{"line":134,"column":32},"end":{"line":134,"column":50}}],"line":134},"9":{"loc":{"start":{"line":137,"column":33},"end":{"line":137,"column":75}},"type":"cond-expr","locations":[{"start":{"line":137,"column":46},"end":{"line":137,"column":64}},{"start":{"line":137,"column":67},"end":{"line":137,"column":75}}],"line":137},"10":{"loc":{"start":{"line":157,"column":14},"end":{"line":161,"column":15}},"type":"if","locations":[{"start":{"line":157,"column":14},"end":{"line":161,"column":15}},{"start":{"line":159,"column":21},"end":{"line":161,"column":15}}],"line":157},"11":{"loc":{"start":{"line":157,"column":18},"end":{"line":157,"column":50}},"type":"binary-expr","locations":[{"start":{"line":157,"column":18},"end":{"line":157,"column":28}},{"start":{"line":157,"column":32},"end":{"line":157,"column":50}}],"line":157},"12":{"loc":{"start":{"line":160,"column":33},"end":{"line":160,"column":75}},"type":"cond-expr","locations":[{"start":{"line":160,"column":46},"end":{"line":160,"column":64}},{"start":{"line":160,"column":67},"end":{"line":160,"column":75}}],"line":160},"13":{"loc":{"start":{"line":181,"column":14},"end":{"line":185,"column":15}},"type":"if","locations":[{"start":{"line":181,"column":14},"end":{"line":185,"column":15}},{"start":{"line":183,"column":21},"end":{"line":185,"column":15}}],"line":181},"14":{"loc":{"start":{"line":181,"column":18},"end":{"line":181,"column":50}},"type":"binary-expr","locations":[{"start":{"line":181,"column":18},"end":{"line":181,"column":28}},{"start":{"line":181,"column":32},"end":{"line":181,"column":50}}],"line":181},"15":{"loc":{"start":{"line":182,"column":24},"end":{"line":182,"column":45}},"type":"binary-expr","locations":[{"start":{"line":182,"column":24},"end":{"line":182,"column":39}},{"start":{"line":182,"column":43},"end":{"line":182,"column":45}}],"line":182},"16":{"loc":{"start":{"line":211,"column":10},"end":{"line":217,"column":11}},"type":"if","locations":[{"start":{"line":211,"column":10},"end":{"line":217,"column":11}},{"start":{"line":214,"column":17},"end":{"line":217,"column":11}}],"line":211},"17":{"loc":{"start":{"line":268,"column":17},"end":{"line":268,"column":33}},"type":"binary-expr","locations":[{"start":{"line":268,"column":17},"end":{"line":268,"column":27}},{"start":{"line":268,"column":31},"end":{"line":268,"column":33}}],"line":268},"18":{"loc":{"start":{"line":273,"column":4},"end":{"line":275,"column":5}},"type":"if","locations":[{"start":{"line":273,"column":4},"end":{"line":275,"column":5}},{"start":{},"end":{}}],"line":273},"19":{"loc":{"start":{"line":277,"column":4},"end":{"line":280,"column":5}},"type":"if","locations":[{"start":{"line":277,"column":4},"end":{"line":280,"column":5}},{"start":{},"end":{}}],"line":277},"20":{"loc":{"start":{"line":308,"column":14},"end":{"line":308,"column":27}},"type":"binary-expr","locations":[{"start":{"line":308,"column":14},"end":{"line":308,"column":21}},{"start":{"line":308,"column":25},"end":{"line":308,"column":27}}],"line":308},"21":{"loc":{"start":{"line":311,"column":4},"end":{"line":335,"column":5}},"type":"if","locations":[{"start":{"line":311,"column":4},"end":{"line":335,"column":5}},{"start":{},"end":{}}],"line":311},"22":{"loc":{"start":{"line":314,"column":10},"end":{"line":320,"column":11}},"type":"if","locations":[{"start":{"line":314,"column":10},"end":{"line":320,"column":11}},{"start":{},"end":{}}],"line":314},"23":{"loc":{"start":{"line":315,"column":25},"end":{"line":315,"column":41}},"type":"binary-expr","locations":[{"start":{"line":315,"column":25},"end":{"line":315,"column":35}},{"start":{"line":315,"column":39},"end":{"line":315,"column":41}}],"line":315},"24":{"loc":{"start":{"line":361,"column":4},"end":{"line":364,"column":5}},"type":"if","locations":[{"start":{"line":361,"column":4},"end":{"line":364,"column":5}},{"start":{},"end":{}}],"line":361},"25":{"loc":{"start":{"line":361,"column":8},"end":{"line":361,"column":51}},"type":"binary-expr","locations":[{"start":{"line":361,"column":8},"end":{"line":361,"column":29}},{"start":{"line":361,"column":33},"end":{"line":361,"column":51}}],"line":361},"26":{"loc":{"start":{"line":383,"column":14},"end":{"line":385,"column":15}},"type":"if","locations":[{"start":{"line":383,"column":14},"end":{"line":385,"column":15}},{"start":{},"end":{}}],"line":383},"27":{"loc":{"start":{"line":383,"column":18},"end":{"line":383,"column":55}},"type":"binary-expr","locations":[{"start":{"line":383,"column":18},"end":{"line":383,"column":22}},{"start":{"line":383,"column":26},"end":{"line":383,"column":55}}],"line":383},"28":{"loc":{"start":{"line":420,"column":4},"end":{"line":422,"column":5}},"type":"if","locations":[{"start":{"line":420,"column":4},"end":{"line":422,"column":5}},{"start":{},"end":{}}],"line":420},"29":{"loc":{"start":{"line":425,"column":6},"end":{"line":427,"column":7}},"type":"if","locations":[{"start":{"line":425,"column":6},"end":{"line":427,"column":7}},{"start":{},"end":{}}],"line":425},"30":{"loc":{"start":{"line":450,"column":11},"end":{"line":450,"column":51}},"type":"binary-expr","locations":[{"start":{"line":450,"column":11},"end":{"line":450,"column":43}},{"start":{"line":450,"column":47},"end":{"line":450,"column":51}}],"line":450},"31":{"loc":{"start":{"line":478,"column":4},"end":{"line":482,"column":5}},"type":"if","locations":[{"start":{"line":478,"column":4},"end":{"line":482,"column":5}},{"start":{},"end":{}}],"line":478},"32":{"loc":{"start":{"line":484,"column":4},"end":{"line":487,"column":5}},"type":"if","locations":[{"start":{"line":484,"column":4},"end":{"line":487,"column":5}},{"start":{},"end":{}}],"line":484},"33":{"loc":{"start":{"line":493,"column":8},"end":{"line":498,"column":9}},"type":"if","locations":[{"start":{"line":493,"column":8},"end":{"line":498,"column":9}},{"start":{},"end":{}}],"line":493},"34":{"loc":{"start":{"line":493,"column":12},"end":{"line":493,"column":62}},"type":"binary-expr","locations":[{"start":{"line":493,"column":12},"end":{"line":493,"column":33}},{"start":{"line":493,"column":37},"end":{"line":493,"column":62}}],"line":493},"35":{"loc":{"start":{"line":521,"column":15},"end":{"line":521,"column":46}},"type":"binary-expr","locations":[{"start":{"line":521,"column":15},"end":{"line":521,"column":27}},{"start":{"line":521,"column":31},"end":{"line":521,"column":46}}],"line":521},"36":{"loc":{"start":{"line":522,"column":22},"end":{"line":522,"column":78}},"type":"cond-expr","locations":[{"start":{"line":522,"column":61},"end":{"line":522,"column":69}},{"start":{"line":522,"column":72},"end":{"line":522,"column":78}}],"line":522},"37":{"loc":{"start":{"line":522,"column":22},"end":{"line":522,"column":58}},"type":"binary-expr","locations":[{"start":{"line":522,"column":22},"end":{"line":522,"column":34}},{"start":{"line":522,"column":38},"end":{"line":522,"column":58}}],"line":522},"38":{"loc":{"start":{"line":524,"column":6},"end":{"line":533,"column":7}},"type":"if","locations":[{"start":{"line":524,"column":6},"end":{"line":533,"column":7}},{"start":{},"end":{}}],"line":524},"39":{"loc":{"start":{"line":537,"column":6},"end":{"line":541,"column":7}},"type":"if","locations":[{"start":{"line":537,"column":6},"end":{"line":541,"column":7}},{"start":{"line":539,"column":13},"end":{"line":541,"column":7}}],"line":537},"40":{"loc":{"start":{"line":558,"column":19},"end":{"line":558,"column":49}},"type":"binary-expr","locations":[{"start":{"line":558,"column":19},"end":{"line":558,"column":30}},{"start":{"line":558,"column":34},"end":{"line":558,"column":49}}],"line":558},"41":{"loc":{"start":{"line":583,"column":4},"end":{"line":585,"column":5}},"type":"if","locations":[{"start":{"line":583,"column":4},"end":{"line":585,"column":5}},{"start":{},"end":{}}],"line":583},"42":{"loc":{"start":{"line":590,"column":10},"end":{"line":593,"column":11}},"type":"if","locations":[{"start":{"line":590,"column":10},"end":{"line":593,"column":11}},{"start":{},"end":{}}],"line":590},"43":{"loc":{"start":{"line":590,"column":14},"end":{"line":590,"column":32}},"type":"binary-expr","locations":[{"start":{"line":590,"column":14},"end":{"line":590,"column":18}},{"start":{"line":590,"column":22},"end":{"line":590,"column":32}}],"line":590}},"s":{"0":1,"1":1,"2":16,"3":16,"4":16,"5":16,"6":16,"7":16,"8":16,"9":16,"10":16,"11":16,"12":16,"13":16,"14":16,"15":16,"16":8,"17":128,"18":128,"19":0,"20":321,"21":321,"22":321,"23":0,"24":10,"25":10,"26":10,"27":0,"28":8,"29":8,"30":8,"31":8,"32":0,"33":0,"34":0,"35":0,"36":0,"37":0,"38":0,"39":0,"40":0,"41":0,"42":0,"43":0,"44":0,"45":0,"46":0,"47":0,"48":0,"49":0,"50":0,"51":0,"52":0,"53":0,"54":0,"55":0,"56":0,"57":0,"58":0,"59":16,"60":16,"61":16,"62":16,"63":8,"64":0,"65":0,"66":8,"67":8,"68":8,"69":8,"70":0,"71":0,"72":0,"73":0,"74":0,"75":0,"76":120,"77":120,"78":313,"79":313,"80":313,"81":313,"82":313,"83":313,"84":313,"85":313,"86":313,"87":313,"88":313,"89":313,"90":313,"91":313,"92":10,"93":10,"94":10,"95":10,"96":0,"97":0,"98":0,"99":0,"100":0,"101":0,"102":0,"103":0,"104":0,"105":10,"106":10,"107":10,"108":0,"109":0,"110":0,"111":0,"112":0,"113":0,"114":0,"115":0,"116":0,"117":0,"118":0,"119":0,"120":0,"121":0,"122":0,"123":0,"124":0,"125":0,"126":0,"127":0,"128":0,"129":0,"130":443,"131":0,"132":0,"133":0,"134":0,"135":0,"136":0,"137":0,"138":0,"139":0,"140":0,"141":0,"142":0,"143":0,"144":0,"145":0,"146":0,"147":0,"148":0,"149":0,"150":0,"151":0,"152":0,"153":0,"154":0,"155":0,"156":0,"157":0,"158":0,"159":0,"160":0,"161":0,"162":0,"163":0,"164":0,"165":0,"166":0,"167":0,"168":0,"169":0,"170":0,"171":0,"172":0,"173":0,"174":0,"175":0,"176":0,"177":0,"178":1},"f":{"0":16,"1":16,"2":16,"3":128,"4":321,"5":10,"6":8,"7":8,"8":0,"9":0,"10":0,"11":0,"12":0,"13":0,"14":0,"15":0,"16":0,"17":0,"18":0,"19":0,"20":0,"21":0,"22":16,"23":8,"24":8,"25":0,"26":0,"27":120,"28":313,"29":313,"30":10,"31":0,"32":0,"33":10,"34":0,"35":0,"36":0,"37":0,"38":0,"39":0,"40":0,"41":0,"42":0,"43":443,"44":0,"45":0,"46":0,"47":0,"48":0,"49":0,"50":0,"51":0,"52":0,"53":0,"54":0,"55":0,"56":0,"57":0,"58":0,"59":0},"b":{"0":[16,0],"1":[16,0],"2":[16,0],"3":[8,8],"4":[8,0],"5":[0,0],"6":[0,0],"7":[0,0],"8":[0,0],"9":[0,0],"10":[0,0],"11":[0,0],"12":[0,0],"13":[0,0],"14":[0,0],"15":[0,0],"16":[0,8],"17":[313,313],"18":[313,0],"19":[313,0],"20":[10,0],"21":[0,10],"22":[0,0],"23":[0,0],"24":[0,0],"25":[0,0],"26":[0,0],"27":[0,0],"28":[0,0],"29":[0,0],"30":[0,0],"31":[0,0],"32":[0,0],"33":[0,0],"34":[0,0],"35":[0,0],"36":[0,0],"37":[0,0],"38":[0,0],"39":[0,0],"40":[0,0],"41":[0,0],"42":[0,0],"43":[0,0]},"inputSourceMap":null,"_coverageSchema":"1a1c01bbd47fc00a2c39e90264f33305004495a9","hash":"1391a899d5c10b025c63f0a4294aa63f09bc62fe"}
,"/Users/suheng/my-project/xiuhuazhen/WeChatProjects/miniprogram/services/SyncManager.js": {"path":"/Users/suheng/my-project/xiuhuazhen/WeChatProjects/miniprogram/services/SyncManager.js","statementMap":{"0":{"start":{"line":11,"column":15},"end":{"line":11,"column":46}},"1":{"start":{"line":17,"column":18},"end":{"line":494,"column":1}},"2":{"start":{"line":27,"column":4},"end":{"line":27,"column":28}},"3":{"start":{"line":28,"column":4},"end":{"line":28,"column":47}},"4":{"start":{"line":29,"column":4},"end":{"line":29,"column":57}},"5":{"start":{"line":32,"column":4},"end":{"line":32,"column":27}},"6":{"start":{"line":35,"column":4},"end":{"line":35,"column":35}},"7":{"start":{"line":37,"column":4},"end":{"line":37,"column":55}},"8":{"start":{"line":39,"column":4},"end":{"line":39,"column":16}},"9":{"start":{"line":49,"column":4},"end":{"line":69,"column":6}},"10":{"start":{"line":78,"column":4},"end":{"line":80,"column":5}},"11":{"start":{"line":79,"column":6},"end":{"line":79,"column":33}},"12":{"start":{"line":83,"column":22},"end":{"line":83,"column":49}},"13":{"start":{"line":84,"column":22},"end":{"line":84,"column":49}},"14":{"start":{"line":85,"column":24},"end":{"line":85,"column":53}},"15":{"start":{"line":88,"column":23},"end":{"line":88,"column":43}},"16":{"start":{"line":89,"column":4},"end":{"line":89,"column":49}},"17":{"start":{"line":92,"column":23},"end":{"line":92,"column":43}},"18":{"start":{"line":93,"column":4},"end":{"line":93,"column":49}},"19":{"start":{"line":96,"column":4},"end":{"line":96,"column":58}},"20":{"start":{"line":97,"column":4},"end":{"line":97,"column":58}},"21":{"start":{"line":100,"column":4},"end":{"line":100,"column":37}},"22":{"start":{"line":103,"column":4},"end":{"line":103,"column":56}},"23":{"start":{"line":106,"column":20},"end":{"line":109,"column":6}},"24":{"start":{"line":112,"column":4},"end":{"line":112,"column":56}},"25":{"start":{"line":115,"column":4},"end":{"line":115,"column":35}},"26":{"start":{"line":116,"column":4},"end":{"line":116,"column":37}},"27":{"start":{"line":117,"column":4},"end":{"line":117,"column":37}},"28":{"start":{"line":118,"column":4},"end":{"line":118,"column":31}},"29":{"start":{"line":121,"column":4},"end":{"line":123,"column":5}},"30":{"start":{"line":122,"column":6},"end":{"line":122,"column":19}},"31":{"start":{"line":132,"column":4},"end":{"line":132,"column":72}},"32":{"start":{"line":133,"column":4},"end":{"line":133,"column":66}},"33":{"start":{"line":134,"column":4},"end":{"line":134,"column":82}},"34":{"start":{"line":135,"column":4},"end":{"line":135,"column":76}},"35":{"start":{"line":138,"column":4},"end":{"line":138,"column":80}},"36":{"start":{"line":141,"column":4},"end":{"line":141,"column":60}},"37":{"start":{"line":142,"column":4},"end":{"line":142,"column":60}},"38":{"start":{"line":152,"column":4},"end":{"line":152,"column":41}},"39":{"start":{"line":155,"column":4},"end":{"line":158,"column":7}},"40":{"start":{"line":168,"column":4},"end":{"line":168,"column":39}},"41":{"start":{"line":171,"column":4},"end":{"line":174,"column":7}},"42":{"start":{"line":184,"column":4},"end":{"line":184,"column":38}},"43":{"start":{"line":187,"column":4},"end":{"line":191,"column":7}},"44":{"start":{"line":201,"column":4},"end":{"line":201,"column":52}},"45":{"start":{"line":204,"column":4},"end":{"line":210,"column":7}},"46":{"start":{"line":220,"column":4},"end":{"line":220,"column":81}},"47":{"start":{"line":223,"column":4},"end":{"line":227,"column":7}},"48":{"start":{"line":235,"column":4},"end":{"line":235,"column":26}},"49":{"start":{"line":238,"column":4},"end":{"line":240,"column":7}},"50":{"start":{"line":248,"column":4},"end":{"line":248,"column":26}},"51":{"start":{"line":251,"column":4},"end":{"line":253,"column":7}},"52":{"start":{"line":261,"column":15},"end":{"line":261,"column":19}},"53":{"start":{"line":262,"column":4},"end":{"line":262,"column":26}},"54":{"start":{"line":265,"column":4},"end":{"line":291,"column":9}},"55":{"start":{"line":268,"column":8},"end":{"line":270,"column":11}},"56":{"start":{"line":272,"column":8},"end":{"line":275,"column":10}},"57":{"start":{"line":278,"column":8},"end":{"line":278,"column":40}},"58":{"start":{"line":281,"column":8},"end":{"line":284,"column":11}},"59":{"start":{"line":286,"column":8},"end":{"line":290,"column":10}},"60":{"start":{"line":299,"column":15},"end":{"line":299,"column":19}},"61":{"start":{"line":300,"column":4},"end":{"line":300,"column":26}},"62":{"start":{"line":303,"column":4},"end":{"line":329,"column":9}},"63":{"start":{"line":306,"column":8},"end":{"line":308,"column":11}},"64":{"start":{"line":310,"column":8},"end":{"line":313,"column":10}},"65":{"start":{"line":316,"column":8},"end":{"line":316,"column":40}},"66":{"start":{"line":319,"column":8},"end":{"line":322,"column":11}},"67":{"start":{"line":324,"column":8},"end":{"line":328,"column":10}},"68":{"start":{"line":341,"column":4},"end":{"line":341,"column":42}},"69":{"start":{"line":353,"column":4},"end":{"line":353,"column":28}},"70":{"start":{"line":356,"column":17},"end":{"line":356,"column":79}},"71":{"start":{"line":359,"column":4},"end":{"line":365,"column":7}},"72":{"start":{"line":378,"column":15},"end":{"line":378,"column":19}},"73":{"start":{"line":379,"column":4},"end":{"line":379,"column":28}},"74":{"start":{"line":382,"column":4},"end":{"line":396,"column":9}},"75":{"start":{"line":385,"column":8},"end":{"line":393,"column":9}},"76":{"start":{"line":387,"column":10},"end":{"line":392,"column":13}},"77":{"start":{"line":391,"column":12},"end":{"line":391,"column":29}},"78":{"start":{"line":395,"column":8},"end":{"line":395,"column":25}},"79":{"start":{"line":406,"column":4},"end":{"line":406,"column":49}},"80":{"start":{"line":419,"column":15},"end":{"line":419,"column":19}},"81":{"start":{"line":420,"column":4},"end":{"line":420,"column":28}},"82":{"start":{"line":423,"column":4},"end":{"line":444,"column":7}},"83":{"start":{"line":428,"column":6},"end":{"line":441,"column":7}},"84":{"start":{"line":430,"column":8},"end":{"line":440,"column":11}},"85":{"start":{"line":439,"column":10},"end":{"line":439,"column":24}},"86":{"start":{"line":443,"column":6},"end":{"line":443,"column":20}},"87":{"start":{"line":452,"column":24},"end":{"line":452,"column":56}},"88":{"start":{"line":453,"column":26},"end":{"line":459,"column":5}},"89":{"start":{"line":461,"column":4},"end":{"line":465,"column":6}},"90":{"start":{"line":475,"column":4},"end":{"line":475,"column":61}},"91":{"start":{"line":483,"column":4},"end":{"line":483,"column":48}},"92":{"start":{"line":492,"column":4},"end":{"line":492,"column":43}},"93":{"start":{"line":496,"column":0},"end":{"line":496,"column":29}}},"fnMap":{"0":{"name":"(anonymous_0)","decl":{"start":{"line":25,"column":8},"end":{"line":25,"column":9}},"loc":{"start":{"line":25,"column":26},"end":{"line":40,"column":3}},"line":25},"1":{"name":"(anonymous_1)","decl":{"start":{"line":48,"column":15},"end":{"line":48,"column":16}},"loc":{"start":{"line":48,"column":32},"end":{"line":70,"column":3}},"line":48},"2":{"name":"(anonymous_2)","decl":{"start":{"line":76,"column":19},"end":{"line":76,"column":20}},"loc":{"start":{"line":76,"column":30},"end":{"line":124,"column":3}},"line":76},"3":{"name":"(anonymous_3)","decl":{"start":{"line":130,"column":27},"end":{"line":130,"column":28}},"loc":{"start":{"line":130,"column":38},"end":{"line":143,"column":3}},"line":130},"4":{"name":"(anonymous_4)","decl":{"start":{"line":150,"column":24},"end":{"line":150,"column":25}},"loc":{"start":{"line":150,"column":39},"end":{"line":159,"column":3}},"line":150},"5":{"name":"(anonymous_5)","decl":{"start":{"line":166,"column":21},"end":{"line":166,"column":22}},"loc":{"start":{"line":166,"column":36},"end":{"line":175,"column":3}},"line":166},"6":{"name":"(anonymous_6)","decl":{"start":{"line":182,"column":24},"end":{"line":182,"column":25}},"loc":{"start":{"line":182,"column":39},"end":{"line":192,"column":3}},"line":182},"7":{"name":"(anonymous_7)","decl":{"start":{"line":199,"column":21},"end":{"line":199,"column":22}},"loc":{"start":{"line":199,"column":36},"end":{"line":211,"column":3}},"line":199},"8":{"name":"(anonymous_8)","decl":{"start":{"line":218,"column":24},"end":{"line":218,"column":25}},"loc":{"start":{"line":218,"column":39},"end":{"line":228,"column":3}},"line":218},"9":{"name":"(anonymous_9)","decl":{"start":{"line":234,"column":18},"end":{"line":234,"column":19}},"loc":{"start":{"line":234,"column":29},"end":{"line":241,"column":3}},"line":234},"10":{"name":"(anonymous_10)","decl":{"start":{"line":247,"column":18},"end":{"line":247,"column":19}},"loc":{"start":{"line":247,"column":29},"end":{"line":254,"column":3}},"line":247},"11":{"name":"(anonymous_11)","decl":{"start":{"line":260,"column":9},"end":{"line":260,"column":10}},"loc":{"start":{"line":260,"column":20},"end":{"line":292,"column":3}},"line":260},"12":{"name":"(anonymous_12)","decl":{"start":{"line":266,"column":12},"end":{"line":266,"column":13}},"loc":{"start":{"line":266,"column":23},"end":{"line":276,"column":7}},"line":266},"13":{"name":"(anonymous_13)","decl":{"start":{"line":277,"column":13},"end":{"line":277,"column":14}},"loc":{"start":{"line":277,"column":27},"end":{"line":291,"column":7}},"line":277},"14":{"name":"(anonymous_14)","decl":{"start":{"line":298,"column":8},"end":{"line":298,"column":9}},"loc":{"start":{"line":298,"column":19},"end":{"line":330,"column":3}},"line":298},"15":{"name":"(anonymous_15)","decl":{"start":{"line":304,"column":12},"end":{"line":304,"column":13}},"loc":{"start":{"line":304,"column":23},"end":{"line":314,"column":7}},"line":304},"16":{"name":"(anonymous_16)","decl":{"start":{"line":315,"column":13},"end":{"line":315,"column":14}},"loc":{"start":{"line":315,"column":27},"end":{"line":329,"column":7}},"line":315},"17":{"name":"(anonymous_17)","decl":{"start":{"line":340,"column":8},"end":{"line":340,"column":9}},"loc":{"start":{"line":340,"column":26},"end":{"line":342,"column":3}},"line":340},"18":{"name":"(anonymous_18)","decl":{"start":{"line":352,"column":15},"end":{"line":352,"column":16}},"loc":{"start":{"line":352,"column":55},"end":{"line":366,"column":3}},"line":352},"19":{"name":"(anonymous_19)","decl":{"start":{"line":377,"column":12},"end":{"line":377,"column":13}},"loc":{"start":{"line":377,"column":52},"end":{"line":397,"column":3}},"line":377},"20":{"name":"(anonymous_20)","decl":{"start":{"line":383,"column":12},"end":{"line":383,"column":13}},"loc":{"start":{"line":383,"column":32},"end":{"line":396,"column":7}},"line":383},"21":{"name":"(anonymous_21)","decl":{"start":{"line":390,"column":16},"end":{"line":390,"column":17}},"loc":{"start":{"line":390,"column":27},"end":{"line":392,"column":11}},"line":390},"22":{"name":"(anonymous_22)","decl":{"start":{"line":405,"column":11},"end":{"line":405,"column":12}},"loc":{"start":{"line":405,"column":36},"end":{"line":407,"column":3}},"line":405},"23":{"name":"(anonymous_23)","decl":{"start":{"line":418,"column":14},"end":{"line":418,"column":15}},"loc":{"start":{"line":418,"column":48},"end":{"line":445,"column":3}},"line":418},"24":{"name":"(anonymous_24)","decl":{"start":{"line":426,"column":10},"end":{"line":426,"column":11}},"loc":{"start":{"line":426,"column":27},"end":{"line":444,"column":5}},"line":426},"25":{"name":"(anonymous_25)","decl":{"start":{"line":438,"column":14},"end":{"line":438,"column":15}},"loc":{"start":{"line":438,"column":25},"end":{"line":440,"column":9}},"line":438},"26":{"name":"(anonymous_26)","decl":{"start":{"line":451,"column":17},"end":{"line":451,"column":18}},"loc":{"start":{"line":451,"column":28},"end":{"line":466,"column":3}},"line":451},"27":{"name":"(anonymous_27)","decl":{"start":{"line":474,"column":15},"end":{"line":474,"column":16}},"loc":{"start":{"line":474,"column":47},"end":{"line":476,"column":3}},"line":474},"28":{"name":"(anonymous_28)","decl":{"start":{"line":482,"column":21},"end":{"line":482,"column":22}},"loc":{"start":{"line":482,"column":32},"end":{"line":484,"column":3}},"line":482},"29":{"name":"(anonymous_29)","decl":{"start":{"line":491,"column":11},"end":{"line":491,"column":12}},"loc":{"start":{"line":491,"column":27},"end":{"line":493,"column":3}},"line":491}},"branchMap":{"0":{"loc":{"start":{"line":27,"column":14},"end":{"line":27,"column":27}},"type":"binary-expr","locations":[{"start":{"line":27,"column":14},"end":{"line":27,"column":21}},{"start":{"line":27,"column":25},"end":{"line":27,"column":27}}],"line":27},"1":{"loc":{"start":{"line":28,"column":21},"end":{"line":28,"column":46}},"type":"binary-expr","locations":[{"start":{"line":28,"column":21},"end":{"line":28,"column":38}},{"start":{"line":28,"column":42},"end":{"line":28,"column":46}}],"line":28},"2":{"loc":{"start":{"line":29,"column":35},"end":{"line":29,"column":55}},"type":"binary-expr","locations":[{"start":{"line":29,"column":35},"end":{"line":29,"column":49}},{"start":{"line":29,"column":53},"end":{"line":29,"column":55}}],"line":29},"3":{"loc":{"start":{"line":50,"column":13},"end":{"line":50,"column":31}},"type":"binary-expr","locations":[{"start":{"line":50,"column":13},"end":{"line":50,"column":25}},{"start":{"line":50,"column":29},"end":{"line":50,"column":31}}],"line":50},"4":{"loc":{"start":{"line":51,"column":17},"end":{"line":51,"column":82}},"type":"cond-expr","locations":[{"start":{"line":51,"column":59},"end":{"line":51,"column":75}},{"start":{"line":51,"column":78},"end":{"line":51,"column":82}}],"line":51},"5":{"loc":{"start":{"line":52,"column":19},"end":{"line":52,"column":43}},"type":"binary-expr","locations":[{"start":{"line":52,"column":19},"end":{"line":52,"column":37}},{"start":{"line":52,"column":41},"end":{"line":52,"column":43}}],"line":52},"6":{"loc":{"start":{"line":56,"column":18},"end":{"line":56,"column":43}},"type":"binary-expr","locations":[{"start":{"line":56,"column":18},"end":{"line":56,"column":37}},{"start":{"line":56,"column":41},"end":{"line":56,"column":43}}],"line":56},"7":{"loc":{"start":{"line":60,"column":18},"end":{"line":60,"column":43}},"type":"binary-expr","locations":[{"start":{"line":60,"column":18},"end":{"line":60,"column":37}},{"start":{"line":60,"column":41},"end":{"line":60,"column":43}}],"line":60},"8":{"loc":{"start":{"line":64,"column":23},"end":{"line":64,"column":48}},"type":"binary-expr","locations":[{"start":{"line":64,"column":23},"end":{"line":64,"column":43}},{"start":{"line":64,"column":47},"end":{"line":64,"column":48}}],"line":64},"9":{"loc":{"start":{"line":65,"column":20},"end":{"line":65,"column":42}},"type":"binary-expr","locations":[{"start":{"line":65,"column":20},"end":{"line":65,"column":37}},{"start":{"line":65,"column":41},"end":{"line":65,"column":42}}],"line":65},"10":{"loc":{"start":{"line":66,"column":20},"end":{"line":66,"column":45}},"type":"binary-expr","locations":[{"start":{"line":66,"column":20},"end":{"line":66,"column":37}},{"start":{"line":66,"column":41},"end":{"line":66,"column":45}}],"line":66},"11":{"loc":{"start":{"line":67,"column":22},"end":{"line":67,"column":93}},"type":"cond-expr","locations":[{"start":{"line":67,"column":67},"end":{"line":67,"column":86}},{"start":{"line":67,"column":89},"end":{"line":67,"column":93}}],"line":67},"12":{"loc":{"start":{"line":78,"column":4},"end":{"line":80,"column":5}},"type":"if","locations":[{"start":{"line":78,"column":4},"end":{"line":80,"column":5}},{"start":{},"end":{}}],"line":78},"13":{"loc":{"start":{"line":121,"column":4},"end":{"line":123,"column":5}},"type":"if","locations":[{"start":{"line":121,"column":4},"end":{"line":123,"column":5}},{"start":{},"end":{}}],"line":121},"14":{"loc":{"start":{"line":220,"column":27},"end":{"line":220,"column":79}},"type":"cond-expr","locations":[{"start":{"line":220,"column":46},"end":{"line":220,"column":62}},{"start":{"line":220,"column":65},"end":{"line":220,"column":79}}],"line":220},"15":{"loc":{"start":{"line":353,"column":14},"end":{"line":353,"column":27}},"type":"binary-expr","locations":[{"start":{"line":353,"column":14},"end":{"line":353,"column":21}},{"start":{"line":353,"column":25},"end":{"line":353,"column":27}}],"line":353},"16":{"loc":{"start":{"line":364,"column":16},"end":{"line":364,"column":37}},"type":"binary-expr","locations":[{"start":{"line":364,"column":16},"end":{"line":364,"column":32}},{"start":{"line":364,"column":36},"end":{"line":364,"column":37}}],"line":364},"17":{"loc":{"start":{"line":379,"column":14},"end":{"line":379,"column":27}},"type":"binary-expr","locations":[{"start":{"line":379,"column":14},"end":{"line":379,"column":21}},{"start":{"line":379,"column":25},"end":{"line":379,"column":27}}],"line":379},"18":{"loc":{"start":{"line":385,"column":8},"end":{"line":393,"column":9}},"type":"if","locations":[{"start":{"line":385,"column":8},"end":{"line":393,"column":9}},{"start":{},"end":{}}],"line":385},"19":{"loc":{"start":{"line":420,"column":14},"end":{"line":420,"column":27}},"type":"binary-expr","locations":[{"start":{"line":420,"column":14},"end":{"line":420,"column":21}},{"start":{"line":420,"column":25},"end":{"line":420,"column":27}}],"line":420},"20":{"loc":{"start":{"line":428,"column":6},"end":{"line":441,"column":7}},"type":"if","locations":[{"start":{"line":428,"column":6},"end":{"line":441,"column":7}},{"start":{},"end":{}}],"line":428}},"s":{"0":1,"1":1,"2":8,"3":8,"4":8,"5":8,"6":8,"7":8,"8":8,"9":8,"10":8,"11":0,"12":8,"13":8,"14":8,"15":8,"16":8,"17":8,"18":8,"19":8,"20":8,"21":8,"22":8,"23":8,"24":8,"25":8,"26":8,"27":8,"28":8,"29":8,"30":0,"31":8,"32":8,"33":8,"34":8,"35":8,"36":8,"37":8,"38":0,"39":0,"40":0,"41":0,"42":0,"43":0,"44":0,"45":0,"46":0,"47":0,"48":0,"49":0,"50":0,"51":0,"52":0,"53":0,"54":0,"55":0,"56":0,"57":0,"58":0,"59":0,"60":0,"61":0,"62":0,"63":0,"64":0,"65":0,"66":0,"67":0,"68":0,"69":100,"70":100,"71":100,"72":313,"73":313,"74":313,"75":313,"76":100,"77":100,"78":213,"79":120,"80":10,"81":10,"82":10,"83":10,"84":0,"85":0,"86":10,"87":1,"88":1,"89":1,"90":0,"91":0,"92":0,"93":1},"f":{"0":8,"1":8,"2":8,"3":8,"4":0,"5":0,"6":0,"7":0,"8":0,"9":0,"10":0,"11":0,"12":0,"13":0,"14":0,"15":0,"16":0,"17":0,"18":100,"19":313,"20":313,"21":100,"22":120,"23":10,"24":10,"25":0,"26":1,"27":0,"28":0,"29":0},"b":{"0":[8,0],"1":[8,0],"2":[8,0],"3":[8,0],"4":[8,0],"5":[8,0],"6":[8,8],"7":[8,8],"8":[8,6],"9":[8,7],"10":[8,7],"11":[0,8],"12":[0,8],"13":[0,8],"14":[0,0],"15":[100,0],"16":[100,100],"17":[313,213],"18":[100,213],"19":[10,10],"20":[0,10]},"inputSourceMap":null,"_coverageSchema":"1a1c01bbd47fc00a2c39e90264f33305004495a9","hash":"20ba8855b7bd24086583c6409ee4343bf4855d10"}
,"/Users/suheng/my-project/xiuhuazhen/WeChatProjects/miniprogram/services/SyncScheduler.js": {"path":"/Users/suheng/my-project/xiuhuazhen/WeChatProjects/miniprogram/services/SyncScheduler.js","statementMap":{"0":{"start":{"line":14,"column":15},"end":{"line":14,"column":46}},"1":{"start":{"line":20,"column":20},"end":{"line":863,"column":1}},"2":{"start":{"line":32,"column":4},"end":{"line":32,"column":28}},"3":{"start":{"line":33,"column":4},"end":{"line":33,"column":57}},"4":{"start":{"line":36,"column":4},"end":{"line":36,"column":51}},"5":{"start":{"line":39,"column":4},"end":{"line":46,"column":6}},"6":{"start":{"line":49,"column":4},"end":{"line":49,"column":20}},"7":{"start":{"line":52,"column":4},"end":{"line":52,"column":21}},"8":{"start":{"line":55,"column":4},"end":{"line":55,"column":27}},"9":{"start":{"line":58,"column":4},"end":{"line":58,"column":35}},"10":{"start":{"line":60,"column":4},"end":{"line":60,"column":64}},"11":{"start":{"line":62,"column":4},"end":{"line":62,"column":16}},"12":{"start":{"line":72,"column":4},"end":{"line":80,"column":6}},"13":{"start":{"line":89,"column":4},"end":{"line":169,"column":6}},"14":{"start":{"line":97,"column":10},"end":{"line":99,"column":13}},"15":{"start":{"line":98,"column":12},"end":{"line":98,"column":43}},"16":{"start":{"line":110,"column":10},"end":{"line":112,"column":13}},"17":{"start":{"line":111,"column":12},"end":{"line":111,"column":43}},"18":{"start":{"line":123,"column":10},"end":{"line":129,"column":13}},"19":{"start":{"line":125,"column":12},"end":{"line":127,"column":13}},"20":{"start":{"line":126,"column":14},"end":{"line":126,"column":45}},"21":{"start":{"line":128,"column":12},"end":{"line":128,"column":65}},"22":{"start":{"line":141,"column":21},"end":{"line":141,"column":25}},"23":{"start":{"line":142,"column":10},"end":{"line":154,"column":13}},"24":{"start":{"line":144,"column":12},"end":{"line":150,"column":13}},"25":{"start":{"line":145,"column":26},"end":{"line":145,"column":55}},"26":{"start":{"line":146,"column":26},"end":{"line":146,"column":55}},"27":{"start":{"line":148,"column":14},"end":{"line":148,"column":59}},"28":{"start":{"line":148,"column":49},"end":{"line":148,"column":59}},"29":{"start":{"line":149,"column":14},"end":{"line":149,"column":58}},"30":{"start":{"line":149,"column":49},"end":{"line":149,"column":58}},"31":{"start":{"line":153,"column":12},"end":{"line":153,"column":43}},"32":{"start":{"line":157,"column":10},"end":{"line":157,"column":34}},"33":{"start":{"line":160,"column":10},"end":{"line":166,"column":11}},"34":{"start":{"line":161,"column":12},"end":{"line":161,"column":68}},"35":{"start":{"line":162,"column":17},"end":{"line":166,"column":11}},"36":{"start":{"line":163,"column":12},"end":{"line":163,"column":99}},"37":{"start":{"line":165,"column":12},"end":{"line":165,"column":35}},"38":{"start":{"line":172,"column":4},"end":{"line":172,"column":51}},"39":{"start":{"line":181,"column":4},"end":{"line":181,"column":80}},"40":{"start":{"line":184,"column":4},"end":{"line":184,"column":60}},"41":{"start":{"line":185,"column":4},"end":{"line":185,"column":60}},"42":{"start":{"line":199,"column":4},"end":{"line":248,"column":18}},"43":{"start":{"line":200,"column":6},"end":{"line":247,"column":7}},"44":{"start":{"line":202,"column":8},"end":{"line":204,"column":9}},"45":{"start":{"line":203,"column":10},"end":{"line":203,"column":37}},"46":{"start":{"line":207,"column":27},"end":{"line":207,"column":54}},"47":{"start":{"line":208,"column":8},"end":{"line":210,"column":9}},"48":{"start":{"line":209,"column":10},"end":{"line":209,"column":39}},"49":{"start":{"line":213,"column":18},"end":{"line":213,"column":42}},"50":{"start":{"line":214,"column":22},"end":{"line":226,"column":9}},"51":{"start":{"line":229,"column":8},"end":{"line":229,"column":33}},"52":{"start":{"line":230,"column":8},"end":{"line":230,"column":50}},"53":{"start":{"line":233,"column":8},"end":{"line":236,"column":11}},"54":{"start":{"line":239,"column":8},"end":{"line":241,"column":9}},"55":{"start":{"line":240,"column":10},"end":{"line":240,"column":31}},"56":{"start":{"line":243,"column":8},"end":{"line":243,"column":25}},"57":{"start":{"line":245,"column":8},"end":{"line":245,"column":38}},"58":{"start":{"line":246,"column":8},"end":{"line":246,"column":20}},"59":{"start":{"line":258,"column":4},"end":{"line":262,"column":5}},"60":{"start":{"line":258,"column":17},"end":{"line":258,"column":18}},"61":{"start":{"line":259,"column":6},"end":{"line":261,"column":7}},"62":{"start":{"line":260,"column":8},"end":{"line":260,"column":29}},"63":{"start":{"line":263,"column":4},"end":{"line":263,"column":16}},"64":{"start":{"line":272,"column":4},"end":{"line":290,"column":18}},"65":{"start":{"line":273,"column":6},"end":{"line":289,"column":7}},"66":{"start":{"line":274,"column":19},"end":{"line":274,"column":41}},"67":{"start":{"line":275,"column":8},"end":{"line":277,"column":9}},"68":{"start":{"line":276,"column":10},"end":{"line":276,"column":44}},"69":{"start":{"line":279,"column":8},"end":{"line":286,"column":11}},"70":{"start":{"line":288,"column":8},"end":{"line":288,"column":20}},"71":{"start":{"line":298,"column":4},"end":{"line":313,"column":18}},"72":{"start":{"line":299,"column":21},"end":{"line":310,"column":8}},"73":{"start":{"line":300,"column":8},"end":{"line":309,"column":10}},"74":{"start":{"line":312,"column":6},"end":{"line":312,"column":24}},"75":{"start":{"line":322,"column":4},"end":{"line":361,"column":18}},"76":{"start":{"line":323,"column":6},"end":{"line":360,"column":7}},"77":{"start":{"line":324,"column":24},"end":{"line":324,"column":26}},"78":{"start":{"line":325,"column":8},"end":{"line":330,"column":9}},"79":{"start":{"line":325,"column":21},"end":{"line":325,"column":22}},"80":{"start":{"line":326,"column":10},"end":{"line":329,"column":11}},"81":{"start":{"line":327,"column":12},"end":{"line":327,"column":26}},"82":{"start":{"line":328,"column":12},"end":{"line":328,"column":18}},"83":{"start":{"line":332,"column":8},"end":{"line":334,"column":9}},"84":{"start":{"line":333,"column":10},"end":{"line":333,"column":44}},"85":{"start":{"line":336,"column":19},"end":{"line":336,"column":40}},"86":{"start":{"line":339,"column":8},"end":{"line":341,"column":9}},"87":{"start":{"line":340,"column":10},"end":{"line":340,"column":52}},"88":{"start":{"line":344,"column":8},"end":{"line":344,"column":34}},"89":{"start":{"line":345,"column":8},"end":{"line":345,"column":50}},"90":{"start":{"line":348,"column":8},"end":{"line":348,"column":40}},"91":{"start":{"line":349,"column":8},"end":{"line":349,"column":50}},"92":{"start":{"line":352,"column":8},"end":{"line":355,"column":11}},"93":{"start":{"line":357,"column":8},"end":{"line":357,"column":22}},"94":{"start":{"line":359,"column":8},"end":{"line":359,"column":20}},"95":{"start":{"line":369,"column":4},"end":{"line":404,"column":18}},"96":{"start":{"line":370,"column":6},"end":{"line":403,"column":7}},"97":{"start":{"line":372,"column":8},"end":{"line":374,"column":9}},"98":{"start":{"line":373,"column":10},"end":{"line":373,"column":31}},"99":{"start":{"line":377,"column":8},"end":{"line":379,"column":9}},"100":{"start":{"line":378,"column":10},"end":{"line":378,"column":53}},"101":{"start":{"line":382,"column":8},"end":{"line":382,"column":37}},"102":{"start":{"line":383,"column":8},"end":{"line":383,"column":37}},"103":{"start":{"line":384,"column":8},"end":{"line":384,"column":60}},"104":{"start":{"line":387,"column":8},"end":{"line":389,"column":11}},"105":{"start":{"line":392,"column":8},"end":{"line":392,"column":29}},"106":{"start":{"line":395,"column":8},"end":{"line":397,"column":61}},"107":{"start":{"line":396,"column":10},"end":{"line":396,"column":31}},"108":{"start":{"line":399,"column":8},"end":{"line":399,"column":22}},"109":{"start":{"line":401,"column":8},"end":{"line":401,"column":39}},"110":{"start":{"line":402,"column":8},"end":{"line":402,"column":20}},"111":{"start":{"line":412,"column":4},"end":{"line":441,"column":18}},"112":{"start":{"line":413,"column":6},"end":{"line":440,"column":7}},"113":{"start":{"line":415,"column":8},"end":{"line":417,"column":9}},"114":{"start":{"line":416,"column":10},"end":{"line":416,"column":31}},"115":{"start":{"line":420,"column":8},"end":{"line":423,"column":9}},"116":{"start":{"line":421,"column":10},"end":{"line":421,"column":40}},"117":{"start":{"line":422,"column":10},"end":{"line":422,"column":41}},"118":{"start":{"line":424,"column":8},"end":{"line":424,"column":25}},"119":{"start":{"line":427,"column":8},"end":{"line":427,"column":38}},"120":{"start":{"line":428,"column":8},"end":{"line":428,"column":37}},"121":{"start":{"line":429,"column":24},"end":{"line":429,"column":48}},"122":{"start":{"line":432,"column":8},"end":{"line":434,"column":11}},"123":{"start":{"line":436,"column":8},"end":{"line":436,"column":22}},"124":{"start":{"line":438,"column":8},"end":{"line":438,"column":39}},"125":{"start":{"line":439,"column":8},"end":{"line":439,"column":20}},"126":{"start":{"line":449,"column":4},"end":{"line":470,"column":18}},"127":{"start":{"line":450,"column":6},"end":{"line":469,"column":7}},"128":{"start":{"line":452,"column":8},"end":{"line":454,"column":9}},"129":{"start":{"line":453,"column":10},"end":{"line":453,"column":31}},"130":{"start":{"line":457,"column":8},"end":{"line":457,"column":36}},"131":{"start":{"line":458,"column":24},"end":{"line":458,"column":48}},"132":{"start":{"line":461,"column":8},"end":{"line":463,"column":11}},"133":{"start":{"line":465,"column":8},"end":{"line":465,"column":22}},"134":{"start":{"line":467,"column":8},"end":{"line":467,"column":39}},"135":{"start":{"line":468,"column":8},"end":{"line":468,"column":20}},"136":{"start":{"line":478,"column":4},"end":{"line":502,"column":18}},"137":{"start":{"line":479,"column":6},"end":{"line":501,"column":7}},"138":{"start":{"line":481,"column":8},"end":{"line":483,"column":9}},"139":{"start":{"line":482,"column":10},"end":{"line":482,"column":31}},"140":{"start":{"line":486,"column":8},"end":{"line":486,"column":37}},"141":{"start":{"line":487,"column":24},"end":{"line":487,"column":48}},"142":{"start":{"line":490,"column":8},"end":{"line":492,"column":11}},"143":{"start":{"line":495,"column":8},"end":{"line":495,"column":29}},"144":{"start":{"line":497,"column":8},"end":{"line":497,"column":22}},"145":{"start":{"line":499,"column":8},"end":{"line":499,"column":39}},"146":{"start":{"line":500,"column":8},"end":{"line":500,"column":20}},"147":{"start":{"line":512,"column":4},"end":{"line":567,"column":18}},"148":{"start":{"line":513,"column":6},"end":{"line":566,"column":7}},"149":{"start":{"line":515,"column":8},"end":{"line":517,"column":9}},"150":{"start":{"line":516,"column":10},"end":{"line":516,"column":55}},"151":{"start":{"line":520,"column":26},"end":{"line":520,"column":46}},"152":{"start":{"line":523,"column":8},"end":{"line":523,"column":61}},"153":{"start":{"line":526,"column":8},"end":{"line":532,"column":9}},"154":{"start":{"line":527,"column":10},"end":{"line":531,"column":11}},"155":{"start":{"line":528,"column":12},"end":{"line":530,"column":13}},"156":{"start":{"line":529,"column":14},"end":{"line":529,"column":63}},"157":{"start":{"line":535,"column":8},"end":{"line":535,"column":51}},"158":{"start":{"line":536,"column":24},"end":{"line":536,"column":48}},"159":{"start":{"line":539,"column":8},"end":{"line":552,"column":9}},"160":{"start":{"line":541,"column":10},"end":{"line":543,"column":11}},"161":{"start":{"line":542,"column":12},"end":{"line":542,"column":49}},"162":{"start":{"line":546,"column":10},"end":{"line":548,"column":63}},"163":{"start":{"line":547,"column":12},"end":{"line":547,"column":33}},"164":{"start":{"line":551,"column":10},"end":{"line":551,"column":31}},"165":{"start":{"line":555,"column":8},"end":{"line":560,"column":11}},"166":{"start":{"line":562,"column":8},"end":{"line":562,"column":22}},"167":{"start":{"line":564,"column":8},"end":{"line":564,"column":40}},"168":{"start":{"line":565,"column":8},"end":{"line":565,"column":20}},"169":{"start":{"line":575,"column":4},"end":{"line":580,"column":6}},"170":{"start":{"line":589,"column":4},"end":{"line":591,"column":5}},"171":{"start":{"line":590,"column":6},"end":{"line":590,"column":13}},"172":{"start":{"line":594,"column":4},"end":{"line":594,"column":56}},"173":{"start":{"line":597,"column":25},"end":{"line":597,"column":86}},"174":{"start":{"line":598,"column":4},"end":{"line":600,"column":5}},"175":{"start":{"line":599,"column":6},"end":{"line":599,"column":13}},"176":{"start":{"line":603,"column":23},"end":{"line":603,"column":46}},"177":{"start":{"line":604,"column":4},"end":{"line":606,"column":5}},"178":{"start":{"line":605,"column":6},"end":{"line":605,"column":13}},"179":{"start":{"line":609,"column":4},"end":{"line":609,"column":59}},"180":{"start":{"line":612,"column":21},"end":{"line":612,"column":58}},"181":{"start":{"line":613,"column":4},"end":{"line":613,"column":53}},"182":{"start":{"line":622,"column":14},"end":{"line":622,"column":24}},"183":{"start":{"line":624,"column":4},"end":{"line":637,"column":7}},"184":{"start":{"line":626,"column":6},"end":{"line":628,"column":7}},"185":{"start":{"line":627,"column":8},"end":{"line":627,"column":21}},"186":{"start":{"line":631,"column":6},"end":{"line":634,"column":7}},"187":{"start":{"line":632,"column":28},"end":{"line":632,"column":52}},"188":{"start":{"line":633,"column":8},"end":{"line":633,"column":36}},"189":{"start":{"line":636,"column":6},"end":{"line":636,"column":18}},"190":{"start":{"line":647,"column":4},"end":{"line":647,"column":28}},"191":{"start":{"line":648,"column":4},"end":{"line":648,"column":46}},"192":{"start":{"line":651,"column":4},"end":{"line":651,"column":31}},"193":{"start":{"line":653,"column":4},"end":{"line":653,"column":88}},"194":{"start":{"line":656,"column":4},"end":{"line":659,"column":5}},"195":{"start":{"line":657,"column":6},"end":{"line":657,"column":64}},"196":{"start":{"line":658,"column":6},"end":{"line":658,"column":13}},"197":{"start":{"line":662,"column":4},"end":{"line":673,"column":18}},"198":{"start":{"line":669,"column":6},"end":{"line":669,"column":44}},"199":{"start":{"line":672,"column":6},"end":{"line":672,"column":41}},"200":{"start":{"line":684,"column":4},"end":{"line":684,"column":25}},"201":{"start":{"line":685,"column":4},"end":{"line":685,"column":46}},"202":{"start":{"line":686,"column":4},"end":{"line":686,"column":25}},"203":{"start":{"line":689,"column":4},"end":{"line":689,"column":31}},"204":{"start":{"line":691,"column":4},"end":{"line":691,"column":36}},"205":{"start":{"line":694,"column":4},"end":{"line":698,"column":7}},"206":{"start":{"line":701,"column":4},"end":{"line":701,"column":25}},"207":{"start":{"line":711,"column":4},"end":{"line":711,"column":45}},"208":{"start":{"line":714,"column":4},"end":{"line":714,"column":31}},"209":{"start":{"line":717,"column":4},"end":{"line":717,"column":19}},"210":{"start":{"line":718,"column":4},"end":{"line":718,"column":46}},"211":{"start":{"line":721,"column":4},"end":{"line":725,"column":6}},"212":{"start":{"line":728,"column":19},"end":{"line":728,"column":56}},"213":{"start":{"line":730,"column":4},"end":{"line":770,"column":5}},"214":{"start":{"line":732,"column":6},"end":{"line":732,"column":29}},"215":{"start":{"line":735,"column":18},"end":{"line":735,"column":57}},"216":{"start":{"line":736,"column":26},"end":{"line":736,"column":54}},"217":{"start":{"line":737,"column":6},"end":{"line":737,"column":51}},"218":{"start":{"line":739,"column":6},"end":{"line":739,"column":65}},"219":{"start":{"line":742,"column":6},"end":{"line":749,"column":9}},"220":{"start":{"line":752,"column":6},"end":{"line":755,"column":27}},"221":{"start":{"line":754,"column":8},"end":{"line":754,"column":32}},"222":{"start":{"line":758,"column":6},"end":{"line":758,"column":28}},"223":{"start":{"line":760,"column":6},"end":{"line":760,"column":48}},"224":{"start":{"line":763,"column":6},"end":{"line":769,"column":9}},"225":{"start":{"line":773,"column":4},"end":{"line":773,"column":25}},"226":{"start":{"line":784,"column":20},"end":{"line":784,"column":42}},"227":{"start":{"line":787,"column":27},"end":{"line":787,"column":66}},"228":{"start":{"line":790,"column":17},"end":{"line":790,"column":42}},"229":{"start":{"line":793,"column":16},"end":{"line":793,"column":59}},"230":{"start":{"line":795,"column":4},"end":{"line":795,"column":29}},"231":{"start":{"line":805,"column":4},"end":{"line":807,"column":5}},"232":{"start":{"line":806,"column":6},"end":{"line":806,"column":13}},"233":{"start":{"line":809,"column":22},"end":{"line":809,"column":38}},"234":{"start":{"line":810,"column":22},"end":{"line":810,"column":51}},"235":{"start":{"line":812,"column":4},"end":{"line":812,"column":71}},"236":{"start":{"line":815,"column":4},"end":{"line":817,"column":5}},"237":{"start":{"line":816,"column":6},"end":{"line":816,"column":70}},"238":{"start":{"line":820,"column":4},"end":{"line":836,"column":5}},"239":{"start":{"line":822,"column":6},"end":{"line":824,"column":7}},"240":{"start":{"line":823,"column":8},"end":{"line":823,"column":22}},"241":{"start":{"line":827,"column":6},"end":{"line":829,"column":7}},"242":{"start":{"line":828,"column":8},"end":{"line":828,"column":42}},"243":{"start":{"line":832,"column":6},"end":{"line":832,"column":27}},"244":{"start":{"line":835,"column":6},"end":{"line":835,"column":19}},"245":{"start":{"line":844,"column":4},"end":{"line":844,"column":33}},"246":{"start":{"line":847,"column":4},"end":{"line":847,"column":18}},"247":{"start":{"line":850,"column":4},"end":{"line":850,"column":25}},"248":{"start":{"line":858,"column":4},"end":{"line":858,"column":33}},"249":{"start":{"line":861,"column":4},"end":{"line":861,"column":17}},"250":{"start":{"line":865,"column":0},"end":{"line":865,"column":31}}},"fnMap":{"0":{"name":"(anonymous_0)","decl":{"start":{"line":30,"column":8},"end":{"line":30,"column":9}},"loc":{"start":{"line":30,"column":26},"end":{"line":63,"column":3}},"line":30},"1":{"name":"(anonymous_1)","decl":{"start":{"line":71,"column":15},"end":{"line":71,"column":16}},"loc":{"start":{"line":71,"column":32},"end":{"line":81,"column":3}},"line":71},"2":{"name":"(anonymous_2)","decl":{"start":{"line":87,"column":19},"end":{"line":87,"column":20}},"loc":{"start":{"line":87,"column":30},"end":{"line":173,"column":3}},"line":87},"3":{"name":"(anonymous_3)","decl":{"start":{"line":96,"column":14},"end":{"line":96,"column":15}},"loc":{"start":{"line":96,"column":30},"end":{"line":100,"column":9}},"line":96},"4":{"name":"(anonymous_4)","decl":{"start":{"line":97,"column":28},"end":{"line":97,"column":29}},"loc":{"start":{"line":97,"column":43},"end":{"line":99,"column":11}},"line":97},"5":{"name":"(anonymous_5)","decl":{"start":{"line":109,"column":14},"end":{"line":109,"column":15}},"loc":{"start":{"line":109,"column":30},"end":{"line":113,"column":9}},"line":109},"6":{"name":"(anonymous_6)","decl":{"start":{"line":110,"column":28},"end":{"line":110,"column":29}},"loc":{"start":{"line":110,"column":43},"end":{"line":112,"column":11}},"line":110},"7":{"name":"(anonymous_7)","decl":{"start":{"line":122,"column":14},"end":{"line":122,"column":15}},"loc":{"start":{"line":122,"column":30},"end":{"line":130,"column":9}},"line":122},"8":{"name":"(anonymous_8)","decl":{"start":{"line":123,"column":28},"end":{"line":123,"column":29}},"loc":{"start":{"line":123,"column":43},"end":{"line":129,"column":11}},"line":123},"9":{"name":"(anonymous_9)","decl":{"start":{"line":140,"column":14},"end":{"line":140,"column":15}},"loc":{"start":{"line":140,"column":30},"end":{"line":155,"column":9}},"line":140},"10":{"name":"(anonymous_10)","decl":{"start":{"line":142,"column":28},"end":{"line":142,"column":29}},"loc":{"start":{"line":142,"column":43},"end":{"line":154,"column":11}},"line":142},"11":{"name":"(anonymous_11)","decl":{"start":{"line":156,"column":27},"end":{"line":156,"column":28}},"loc":{"start":{"line":156,"column":42},"end":{"line":167,"column":9}},"line":156},"12":{"name":"(anonymous_12)","decl":{"start":{"line":179,"column":27},"end":{"line":179,"column":28}},"loc":{"start":{"line":179,"column":38},"end":{"line":186,"column":3}},"line":179},"13":{"name":"(anonymous_13)","decl":{"start":{"line":198,"column":11},"end":{"line":198,"column":12}},"loc":{"start":{"line":198,"column":26},"end":{"line":249,"column":3}},"line":198},"14":{"name":"(anonymous_14)","decl":{"start":{"line":199,"column":23},"end":{"line":199,"column":24}},"loc":{"start":{"line":199,"column":49},"end":{"line":248,"column":5}},"line":199},"15":{"name":"(anonymous_15)","decl":{"start":{"line":257,"column":17},"end":{"line":257,"column":18}},"loc":{"start":{"line":257,"column":30},"end":{"line":264,"column":3}},"line":257},"16":{"name":"(anonymous_16)","decl":{"start":{"line":271,"column":17},"end":{"line":271,"column":18}},"loc":{"start":{"line":271,"column":30},"end":{"line":291,"column":3}},"line":271},"17":{"name":"(anonymous_17)","decl":{"start":{"line":272,"column":23},"end":{"line":272,"column":24}},"loc":{"start":{"line":272,"column":49},"end":{"line":290,"column":5}},"line":272},"18":{"name":"(anonymous_18)","decl":{"start":{"line":297,"column":21},"end":{"line":297,"column":22}},"loc":{"start":{"line":297,"column":32},"end":{"line":314,"column":3}},"line":297},"19":{"name":"(anonymous_19)","decl":{"start":{"line":298,"column":23},"end":{"line":298,"column":24}},"loc":{"start":{"line":298,"column":41},"end":{"line":313,"column":5}},"line":298},"20":{"name":"(anonymous_20)","decl":{"start":{"line":299,"column":36},"end":{"line":299,"column":37}},"loc":{"start":{"line":299,"column":51},"end":{"line":310,"column":7}},"line":299},"21":{"name":"(anonymous_21)","decl":{"start":{"line":321,"column":14},"end":{"line":321,"column":15}},"loc":{"start":{"line":321,"column":27},"end":{"line":362,"column":3}},"line":321},"22":{"name":"(anonymous_22)","decl":{"start":{"line":322,"column":23},"end":{"line":322,"column":24}},"loc":{"start":{"line":322,"column":49},"end":{"line":361,"column":5}},"line":322},"23":{"name":"(anonymous_23)","decl":{"start":{"line":368,"column":9},"end":{"line":368,"column":10}},"loc":{"start":{"line":368,"column":20},"end":{"line":405,"column":3}},"line":368},"24":{"name":"(anonymous_24)","decl":{"start":{"line":369,"column":23},"end":{"line":369,"column":24}},"loc":{"start":{"line":369,"column":49},"end":{"line":404,"column":5}},"line":369},"25":{"name":"(anonymous_25)","decl":{"start":{"line":395,"column":44},"end":{"line":395,"column":45}},"loc":{"start":{"line":395,"column":55},"end":{"line":397,"column":9}},"line":395},"26":{"name":"(anonymous_26)","decl":{"start":{"line":411,"column":8},"end":{"line":411,"column":9}},"loc":{"start":{"line":411,"column":19},"end":{"line":442,"column":3}},"line":411},"27":{"name":"(anonymous_27)","decl":{"start":{"line":412,"column":23},"end":{"line":412,"column":24}},"loc":{"start":{"line":412,"column":49},"end":{"line":441,"column":5}},"line":412},"28":{"name":"(anonymous_28)","decl":{"start":{"line":448,"column":9},"end":{"line":448,"column":10}},"loc":{"start":{"line":448,"column":20},"end":{"line":471,"column":3}},"line":448},"29":{"name":"(anonymous_29)","decl":{"start":{"line":449,"column":23},"end":{"line":449,"column":24}},"loc":{"start":{"line":449,"column":49},"end":{"line":470,"column":5}},"line":449},"30":{"name":"(anonymous_30)","decl":{"start":{"line":477,"column":10},"end":{"line":477,"column":11}},"loc":{"start":{"line":477,"column":21},"end":{"line":503,"column":3}},"line":477},"31":{"name":"(anonymous_31)","decl":{"start":{"line":478,"column":23},"end":{"line":478,"column":24}},"loc":{"start":{"line":478,"column":49},"end":{"line":502,"column":5}},"line":478},"32":{"name":"(anonymous_32)","decl":{"start":{"line":511,"column":15},"end":{"line":511,"column":16}},"loc":{"start":{"line":511,"column":55},"end":{"line":568,"column":3}},"line":511},"33":{"name":"(anonymous_33)","decl":{"start":{"line":512,"column":23},"end":{"line":512,"column":24}},"loc":{"start":{"line":512,"column":49},"end":{"line":567,"column":5}},"line":512},"34":{"name":"(anonymous_34)","decl":{"start":{"line":546,"column":46},"end":{"line":546,"column":47}},"loc":{"start":{"line":546,"column":57},"end":{"line":548,"column":11}},"line":546},"35":{"name":"(anonymous_35)","decl":{"start":{"line":574,"column":15},"end":{"line":574,"column":16}},"loc":{"start":{"line":574,"column":26},"end":{"line":581,"column
[...]
lumn":27}},"loc":{"start":{"line":153,"column":33},"end":{"line":155,"column":3}},"line":153},"9":{"name":"(anonymous_9)","decl":{"start":{"line":157,"column":25},"end":{"line":157,"column":26}},"loc":{"start":{"line":157,"column":43},"end":{"line":170,"column":3}},"line":157},"10":{"name":"(anonymous_10)","decl":{"start":{"line":172,"column":29},"end":{"line":172,"column":30}},"loc":{"start":{"line":172,"column":36},"end":{"line":178,"column":3}},"line":172},"11":{"name":"(anonymous_11)","decl":{"start":{"line":180,"column":24},"end":{"line":180,"column":25}},"loc":{"start":{"line":180,"column":42},"end":{"line":188,"column":3}},"line":180},"12":{"name":"(anonymous_12)","decl":{"start":{"line":190,"column":28},"end":{"line":190,"column":29}},"loc":{"start":{"line":190,"column":34},"end":{"line":192,"column":3}},"line":190},"13":{"name":"(anonymous_13)","decl":{"start":{"line":195,"column":25},"end":{"line":195,"column":26}},"loc":{"start":{"line":195,"column":43},"end":{"line":202,"column":3}},"line":195},"14":{"name":"(anonymous_14)","decl":{"start":{"line":204,"column":29},"end":{"line":204,"column":30}},"loc":{"start":{"line":204,"column":35},"end":{"line":206,"column":3}},"line":204},"15":{"name":"(anonymous_15)","decl":{"start":{"line":209,"column":26},"end":{"line":209,"column":27}},"loc":{"start":{"line":209,"column":44},"end":{"line":216,"column":3}},"line":209},"16":{"name":"(anonymous_16)","decl":{"start":{"line":218,"column":33},"end":{"line":218,"column":34}},"loc":{"start":{"line":218,"column":45},"end":{"line":220,"column":3}},"line":218},"17":{"name":"(anonymous_17)","decl":{"start":{"line":223,"column":23},"end":{"line":223,"column":24}},"loc":{"start":{"line":223,"column":41},"end":{"line":230,"column":3}},"line":223},"18":{"name":"(anonymous_18)","decl":{"start":{"line":235,"column":28},"end":{"line":235,"column":29}},"loc":{"start":{"line":235,"column":46},"end":{"line":242,"column":3}},"line":235},"19":{"name":"(anonymous_19)","decl":{"start":{"line":245,"column":31},"end":{"line":245,"column":32}},"loc":{"start":{"line":245,"column":37},"end":{"line":265,"column":3}},"line":245},"20":{"name":"(anonymous_20)","decl":{"start":{"line":247,"column":25},"end":{"line":247,"column":26}},"loc":{"start":{"line":247,"column":43},"end":{"line":254,"column":7}},"line":247},"21":{"name":"(anonymous_21)","decl":{"start":{"line":257,"column":29},"end":{"line":257,"column":30}},"loc":{"start":{"line":257,"column":41},"end":{"line":263,"column":7}},"line":257},"22":{"name":"(anonymous_22)","decl":{"start":{"line":260,"column":25},"end":{"line":260,"column":26}},"loc":{"start":{"line":260,"column":31},"end":{"line":260,"column":33}},"line":260},"23":{"name":"(anonymous_23)","decl":{"start":{"line":261,"column":24},"end":{"line":261,"column":25}},"loc":{"start":{"line":261,"column":30},"end":{"line":261,"column":32}},"line":261},"24":{"name":"(anonymous_24)","decl":{"start":{"line":268,"column":26},"end":{"line":268,"column":27}},"loc":{"start":{"line":268,"column":44},"end":{"line":281,"column":3}},"line":268},"25":{"name":"(anonymous_25)","decl":{"start":{"line":284,"column":17},"end":{"line":284,"column":18}},"loc":{"start":{"line":284,"column":35},"end":{"line":291,"column":3}},"line":284},"26":{"name":"(anonymous_26)","decl":{"start":{"line":296,"column":26},"end":{"line":296,"column":27}},"loc":{"start":{"line":296,"column":44},"end":{"line":304,"column":5}},"line":296},"27":{"name":"(anonymous_27)","decl":{"start":{"line":305,"column":22},"end":{"line":305,"column":23}},"loc":{"start":{"line":305,"column":28},"end":{"line":336,"column":5}},"line":305},"28":{"name":"(anonymous_28)","decl":{"start":{"line":307,"column":28},"end":{"line":307,"column":29}},"loc":{"start":{"line":307,"column":34},"end":{"line":334,"column":9}},"line":307},"29":{"name":"(anonymous_29)","decl":{"start":{"line":309,"column":25},"end":{"line":309,"column":26}},"loc":{"start":{"line":309,"column":31},"end":{"line":316,"column":13}},"line":309},"30":{"name":"(anonymous_30)","decl":{"start":{"line":311,"column":29},"end":{"line":311,"column":30}},"loc":{"start":{"line":311,"column":35},"end":{"line":311,"column":64}},"line":311},"31":{"name":"(anonymous_31)","decl":{"start":{"line":312,"column":29},"end":{"line":312,"column":30}},"loc":{"start":{"line":312,"column":35},"end":{"line":312,"column":70}},"line":312},"32":{"name":"(anonymous_32)","decl":{"start":{"line":313,"column":32},"end":{"line":313,"column":33}},"loc":{"start":{"line":313,"column":38},"end":{"line":313,"column":57}},"line":313},"33":{"name":"(anonymous_33)","decl":{"start":{"line":314,"column":32},"end":{"line":314,"column":33}},"loc":{"start":{"line":314,"column":38},"end":{"line":314,"column":57}},"line":314},"34":{"name":"(anonymous_34)","decl":{"start":{"line":317,"column":27},"end":{"line":317,"column":28}},"loc":{"start":{"line":317,"column":33},"end":{"line":331,"column":13}},"line":317},"35":{"name":"(anonymous_35)","decl":{"start":{"line":319,"column":29},"end":{"line":319,"column":30}},"loc":{"start":{"line":319,"column":35},"end":{"line":319,"column":64}},"line":319},"36":{"name":"(anonymous_36)","decl":{"start":{"line":320,"column":31},"end":{"line":320,"column":32}},"loc":{"start":{"line":320,"column":37},"end":{"line":320,"column":66}},"line":320},"37":{"name":"(anonymous_37)","decl":{"start":{"line":321,"column":33},"end":{"line":321,"column":34}},"loc":{"start":{"line":321,"column":39},"end":{"line":329,"column":17}},"line":321},"38":{"name":"(anonymous_38)","decl":{"start":{"line":323,"column":35},"end":{"line":323,"column":36}},"loc":{"start":{"line":323,"column":41},"end":{"line":327,"column":21}},"line":323},"39":{"name":"(anonymous_39)","decl":{"start":{"line":325,"column":37},"end":{"line":325,"column":38}},"loc":{"start":{"line":325,"column":43},"end":{"line":325,"column":72}},"line":325},"40":{"name":"(anonymous_40)","decl":{"start":{"line":332,"column":25},"end":{"line":332,"column":26}},"loc":{"start":{"line":332,"column":31},"end":{"line":332,"column":66}},"line":332}},"branchMap":{"0":{"loc":{"start":{"line":50,"column":21},"end":{"line":50,"column":33}},"type":"default-arg","locations":[{"start":{"line":50,"column":31},"end":{"line":50,"column":33}}],"line":50},"1":{"loc":{"start":{"line":51,"column":2},"end":{"line":53,"column":3}},"type":"if","locations":[{"start":{"line":51,"column":2},"end":{"line":53,"column":3}},{"start":{},"end":{}}],"line":51},"2":{"loc":{"start":{"line":54,"column":2},"end":{"line":56,"column":3}},"type":"if","locations":[{"start":{"line":54,"column":2},"end":{"line":56,"column":3}},{"start":{},"end":{}}],"line":54},"3":{"loc":{"start":{"line":79,"column":20},"end":{"line":79,"column":32}},"type":"default-arg","locations":[{"start":{"line":79,"column":30},"end":{"line":79,"column":32}}],"line":79},"4":{"loc":{"start":{"line":80,"column":23},"end":{"line":80,"column":37}},"type":"default-arg","locations":[{"start":{"line":80,"column":32},"end":{"line":80,"column":37}}],"line":80},"5":{"loc":{"start":{"line":83,"column":4},"end":{"line":89,"column":5}},"type":"if","locations":[{"start":{"line":83,"column":4},"end":{"line":89,"column":5}},{"start":{},"end":{}}],"line":83},"6":{"loc":{"start":{"line":91,"column":4},"end":{"line":93,"column":5}},"type":"if","locations":[{"start":{"line":91,"column":4},"end":{"line":93,"column":5}},{"start":{},"end":{}}],"line":91},"7":{"loc":{"start":{"line":106,"column":22},"end":{"line":106,"column":34}},"type":"default-arg","locations":[{"start":{"line":106,"column":32},"end":{"line":106,"column":34}}],"line":106},"8":{"loc":{"start":{"line":107,"column":4},"end":{"line":109,"column":5}},"type":"if","locations":[{"start":{"line":107,"column":4},"end":{"line":109,"column":5}},{"start":{},"end":{}}],"line":107},"9":{"loc":{"start":{"line":110,"column":4},"end":{"line":112,"column":5}},"type":"if","locations":[{"start":{"line":110,"column":4},"end":{"line":112,"column":5}},{"start":{},"end":{}}],"line":110},"10":{"loc":{"start":{"line":116,"column":23},"end":{"line":116,"column":35}},"type":"default-arg","locations":[{"start":{"line":116,"column":33},"end":{"line":116,"column":35}}],"line":116},"11":{"loc":{"start":{"line":117,"column":4},"end":{"line":124,"column":5}},"type":"if","locations":[{"start":{"line":117,"column":4},"end":{"line":124,"column":5}},{"start":{"line":122,"column":11},"end":{"line":124,"column":5}}],"line":117},"12":{"loc":{"start":{"line":117,"column":8},"end":{"line":117,"column":49}},"type":"binary-expr","locations":[{"start":{"line":117,"column":8},"end":{"line":117,"column":19}},{"start":{"line":117,"column":23},"end":{"line":117,"column":49}}],"line":117},"13":{"loc":{"start":{"line":119,"column":6},"end":{"line":121,"column":7}},"type":"if","locations":[{"start":{"line":119,"column":6},"end":{"line":121,"column":7}},{"start":{},"end":{}}],"line":119},"14":{"loc":{"start":{"line":122,"column":11},"end":{"line":124,"column":5}},"type":"if","locations":[{"start":{"line":122,"column":11},"end":{"line":124,"column":5}},{"start":{},"end":{}}],"line":122},"15":{"loc":{"start":{"line":126,"column":4},"end":{"line":128,"column":5}},"type":"if","locations":[{"start":{"line":126,"column":4},"end":{"line":128,"column":5}},{"start":{},"end":{}}],"line":126},"16":{"loc":{"start":{"line":132,"column":4},"end":{"line":136,"column":5}},"type":"if","locations":[{"start":{"line":132,"column":4},"end":{"line":136,"column":5}},{"start":{"line":134,"column":11},"end":{"line":136,"column":5}}],"line":132},"17":{"loc":{"start":{"line":132,"column":8},"end":{"line":132,"column":33}},"type":"binary-expr","locations":[{"start":{"line":132,"column":8},"end":{"line":132,"column":11}},{"start":{"line":132,"column":15},"end":{"line":132,"column":33}}],"line":132},"18":{"loc":{"start":{"line":139,"column":23},"end":{"line":139,"column":35}},"type":"default-arg","locations":[{"start":{"line":139,"column":33},"end":{"line":139,"column":35}}],"line":139},"19":{"loc":{"start":{"line":140,"column":4},"end":{"line":146,"column":5}},"type":"if","locations":[{"start":{"line":140,"column":4},"end":{"line":146,"column":5}},{"start":{"line":144,"column":11},"end":{"line":146,"column":5}}],"line":140},"20":{"loc":{"start":{"line":140,"column":8},"end":{"line":140,"column":66}},"type":"binary-expr","locations":[{"start":{"line":140,"column":8},"end":{"line":140,"column":19}},{"start":{"line":140,"column":23},"end":{"line":140,"column":66}}],"line":140},"21":{"loc":{"start":{"line":141,"column":6},"end":{"line":143,"column":7}},"type":"if","locations":[{"start":{"line":141,"column":6},"end":{"line":143,"column":7}},{"start":{},"end":{}}],"line":141},"22":{"loc":{"start":{"line":144,"column":11},"end":{"line":146,"column":5}},"type":"if","locations":[{"start":{"line":144,"column":11},"end":{"line":146,"column":5}},{"start":{},"end":{}}],"line":144},"23":{"loc":{"start":{"line":148,"column":4},"end":{"line":150,"column":5}},"type":"if","locations":[{"start":{"line":148,"column":4},"end":{"line":150,"column":5}},{"start":{},"end":{}}],"line":148},"24":{"loc":{"start":{"line":154,"column":11},"end":{"line":154,"column":82}},"type":"cond-expr","locations":[{"start":{"line":154,"column":56},"end":{"line":154,"column":77}},{"start":{"line":154,"column":80},"end":{"line":154,"column":82}}],"line":154},"25":{"loc":{"start":{"line":154,"column":11},"end":{"line":154,"column":53}},"type":"binary-expr","locations":[{"start":{"line":154,"column":11},"end":{"line":154,"column":14}},{"start":{"line":154,"column":18},"end":{"line":154,"column":53}}],"line":154},"26":{"loc":{"start":{"line":157,"column":26},"end":{"line":157,"column":38}},"type":"default-arg","locations":[{"start":{"line":157,"column":36},"end":{"line":157,"column":38}}],"line":157},"27":{"loc":{"start":{"line":158,"column":4},"end":{"line":165,"column":5}},"type":"if","locations":[{"start":{"line":158,"column":4},"end":{"line":165,"column":5}},{"start":{"line":163,"column":11},"end":{"line":165,"column":5}}],"line":158},"28":{"loc":{"start":{"line":160,"column":6},"end":{"line":162,"column":7}},"type":"if","locations":[{"start":{"line":160,"column":6},"end":{"line":162,"column":7}},{"start":{},"end":{}}],"line":160},"29":{"loc":{"start":{"line":163,"column":11},"end":{"line":165,"column":5}},"type":"if","locations":[{"start":{"line":163,"column":11},"end":{"line":165,"column":5}},{"start":{},"end":{}}],"line":163},"30":{"loc":{"start":{"line":167,"column":4},"end":{"line":169,"column":5}},"type":"if","locations":[{"start":{"line":167,"column":4},"end":{"line":169,"column":5}},{"start":{},"end":{}}],"line":167},"31":{"loc":{"start":{"line":173,"column":4},"end":{"line":177,"column":5}},"type":"if","locations":[{"start":{"line":173,"column":4},"end":{"line":177,"column":5}},{"start":{"line":175,"column":11},"end":{"line":177,"column":5}}],"line":173},"32":{"loc":{"start":{"line":180,"column":25},"end":{"line":180,"column":37}},"type":"default-arg","locations":[{"start":{"line":180,"column":35},"end":{"line":180,"column":37}}],"line":180},"33":{"loc":{"start":{"line":182,"column":4},"end":{"line":184,"column":5}},"type":"if","locations":[{"start":{"line":182,"column":4},"end":{"line":184,"column":5}},{"start":{},"end":{}}],"line":182},"34":{"loc":{"start":{"line":185,"column":4},"end":{"line":187,"column":5}},"type":"if","locations":[{"start":{"line":185,"column":4},"end":{"line":187,"column":5}},{"start":{},"end":{}}],"line":185},"35":{"loc":{"start":{"line":195,"column":26},"end":{"line":195,"column":38}},"type":"default-arg","locations":[{"start":{"line":195,"column":36},"end":{"line":195,"column":38}}],"line":195},"36":{"loc":{"start":{"line":196,"column":4},"end":{"line":198,"column":5}},"type":"if","locations":[{"start":{"line":196,"column":4},"end":{"line":198,"column":5}},{"start":{},"end":{}}],"line":196},"37":{"loc":{"start":{"line":199,"column":4},"end":{"line":201,"column":5}},"type":"if","locations":[{"start":{"line":199,"column":4},"end":{"line":201,"column":5}},{"start":{},"end":{}}],"line":199},"38":{"loc":{"start":{"line":209,"column":27},"end":{"line":209,"column":39}},"type":"default-arg","locations":[{"start":{"line":209,"column":37},"end":{"line":209,"column":39}}],"line":209},"39":{"loc":{"start":{"line":210,"column":4},"end":{"line":212,"column":5}},"type":"if","locations":[{"start":{"line":210,"column":4},"end":{"line":212,"column":5}},{"start":{},"end":{}}],"line":210},"40":{"loc":{"start":{"line":213,"column":4},"end":{"line":215,"column":5}},"type":"if","locations":[{"start":{"line":213,"column":4},"end":{"line":215,"column":5}},{"start":{},"end":{}}],"line":213},"41":{"loc":{"start":{"line":223,"column":24},"end":{"line":223,"column":36}},"type":"default-arg","locations":[{"start":{"line":223,"column":34},"end":{"line":223,"column":36}}],"line":223},"42":{"loc":{"start":{"line":224,"column":4},"end":{"line":226,"column":5}},"type":"if","locations":[{"start":{"line":224,"column":4},"end":{"line":226,"column":5}},{"start":{},"end":{}}],"line":224},"43":{"loc":{"start":{"line":227,"column":4},"end":{"line":229,"column":5}},"type":"if","locations":[{"start":{"line":227,"column":4},"end":{"line":229,"column":5}},{"start":{},"end":{}}],"line":227},"44":{"loc":{"start":{"line":235,"column":29},"end":{"line":235,"column":41}},"type":"default-arg","locations":[{"start":{"line":235,"column":39},"end":{"line":235,"column":41}}],"line":235},"45":{"loc":{"start":{"line":236,"column":4},"end":{"line":238,"column":5}},"type":"if","locations":[{"start":{"line":236,"column":4},"end":{"line":238,"column":5}},{"start":{},"end":{}}],"line":236},"46":{"loc":{"start":{"line":239,"column":4},"end":{"line":241,"column":5}},"type":"if","locations":[{"start":{"line":239,"column":4},"end":{"line":241,"column":5}},{"start":{},"end":{}}],"line":239},"47":{"loc":{"start":{"line":247,"column":26},"end":{"line":247,"column":38}},"type":"default-arg","locations":[{"start":{"line":247,"column":36},"end":{"line":247,"column":38}}],"line":247},"48":{"loc":{"start":{"line":248,"column":8},"end":{"line":250,"column":9}},"type":"if","locations":[{"start":{"line":248,"column":8},"end":{"line":250,"column":9}},{"start":{},"end":{}}],"line":248},"49":{"loc":{"start":{"line":251,"column":8},"end":{"line":253,"column":9}},"type":"if","locations":[{"start":{"line":251,"column":8},"end":{"line":253,"column":9}},{"start":{},"end":{}}],"line":251},"50":{"loc":{"start":{"line":268,"column":27},"end":{"line":268,"column":39}},"type":"default-arg","locations":[{"start":{"line":268,"column":37},"end":{"line":268,"column":39}}],"line":268},"51":{"loc":{"start":{"line":269,"column":4},"end":{"line":277,"column":5}},"type":"if","locations":[{"start":{"line":269,"column":4},"end":{"line":277,"column":5}},{"start":{},"end":{}}],"line":269},"52":{"loc":{"start":{"line":278,"column":4},"end":{"line":280,"column":5}},"type":"if","locations":[{"start":{"line":278,"column":4},"end":{"line":280,"column":5}},{"start":{},"end":{}}],"line":278},"53":{"loc":{"start":{"line":284,"column":18},"end":{"line":284,"column":30}},"type":"default-arg","locations":[{"start":{"line":284,"column":28},"end":{"line":284,"column":30}}],"line":284},"54":{"loc":{"start":{"line":285,"column":4},"end":{"line":287,"column":5}},"type":"if","locations":[{"start":{"line":285,"column":4},"end":{"line":287,"column":5}},{"start":{},"end":{}}],"line":285},"55":{"loc":{"start":{"line":288,"column":4},"end":{"line":290,"column":5}},"type":"if","locations":[{"start":{"line":288,"column":4},"end":{"line":290,"column":5}},{"start":{},"end":{}}],"line":288},"56":{"loc":{"start":{"line":296,"column":27},"end":{"line":296,"column":39}},"type":"default-arg","locations":[{"start":{"line":296,"column":37},"end":{"line":296,"column":39}}],"line":296},"57":{"loc":{"start":{"line":297,"column":6},"end":{"line":299,"column":7}},"type":"if","locations":[{"start":{"line":297,"column":6},"end":{"line":299,"column":7}},{"start":{},"end":{}}],"line":297},"58":{"loc":{"start":{"line":300,"column":6},"end":{"line":302,"column":7}},"type":"if","locations":[{"start":{"line":300,"column":6},"end":{"line":302,"column":7}},{"start":{},"end":{}}],"line":300}},"s":{"0":1,"1":1,"2":1,"3":0,"4":0,"5":0,"6":0,"7":0,"8":1,"9":8,"10":8,"11":24,"12":1,"13":0,"14":0,"15":0,"16":0,"17":0,"18":0,"19":0,"20":0,"21":0,"22":0,"23":0,"24":0,"25":0,"26":0,"27":0,"28":0,"29":0,"30":0,"31":0,"32":0,"33":0,"34":0,"35":0,"36":0,"37":0,"38":0,"39":0,"40":0,"41":0,"42":0,"43":0,"44":0,"45":0,"46":0,"47":0,"48":0,"49":0,"50":0,"51":0,"52":0,"53":0,"54":0,"55":0,"56":0,"57":0,"58":0,"59":0,"60":0,"61":0,"62":0,"63":0,"64":0,"65":0,"66":0,"67":0,"68":0,"69":0,"70":0,"71":0,"72":0,"73":0,"74":0,"75":0,"76":0,"77":0,"78":0,"79":0,"80":0,"81":0,"82":0,"83":0,"84":0,"85":0,"86":0,"87":0,"88":0,"89":0,"90":0,"91":0,"92":0,"93":0,"94":0,"95":0,"96":0,"97":0,"98":0,"99":0,"100":0,"101":0,"102":0,"103":0,"104":0,"105":0,"106":0,"107":0,"108":0,"109":0,"110":1},"f":{"0":0,"1":8,"2":24,"3":0,"4":0,"5":0,"6":0,"7":0,"8":0,"9":0,"10":0,"11":0,"12":0,"13":0,"14":0,"15":0,"16":0,"17":0,"18":0,"19":0,"20":0,"21":0,"22":0,"23":0,"24":0,"25":0,"26":0,"27":0,"28":0,"29":0,"30":0,"31":0,"32":0,"33":0,"34":0,"35":0,"36":0,"37":0,"38":0,"39":0,"40":0},"b":{"0":[0],"1":[0,0],"2":[0,0],"3":[0],"4":[0],"5":[0,0],"6":[0,0],"7":[0],"8":[0,0],"9":[0,0],"10":[0],"11":[0,0],"12":[0,0],"13":[0,0],"14":[0,0],"15":[0,0],"16":[0,0],"17":[0,0],"18":[0],"19":[0,0],"20":[0,0],"21":[0,0],"22":[0,0],"23":[0,0],"24":[0,0],"25":[0,0],"26":[0],"27":[0,0],"28":[0,0],"29":[0,0],"30":[0,0],"31":[0,0],"32":[0],"33":[0,0],"34":[0,0],"35":[0],"36":[0,0],"37":[0,0],"38":[0],"39":[0,0],"40":[0,0],"41":[0],"42":[0,0],"43":[0,0],"44":[0],"45":[0,0],"46":[0,0],"47":[0],"48":[0,0],"49":[0,0],"50":[0],"51":[0,0],"52":[0,0],"53":[0],"54":[0,0],"55":[0,0],"56":[0],"57":[0,0],"58":[0,0]},"inputSourceMap":null,"_coverageSchema":"1a1c01bbd47fc00a2c39e90264f33305004495a9","hash":"48611b36772596a49602c801c7866b372980ce41"}
}
