TN:
SF:miniprogram/services/SyncAdapter.js
FN:21,(anonymous_0)
FN:40,(anonymous_1)
FN:67,(anonymous_2)
FN:71,(anonymous_3)
FN:78,(anonymous_4)
FN:86,(anonymous_5)
FN:98,(anonymous_6)
FN:99,(anonymous_7)
FN:108,(anonymous_8)
FN:116,(anonymous_9)
FN:122,(anonymous_10)
FN:123,(anonymous_11)
FN:133,(anonymous_12)
FN:140,(anonymous_13)
FN:146,(anonymous_14)
FN:147,(anonymous_15)
FN:156,(anonymous_16)
FN:163,(anonymous_17)
FN:169,(anonymous_18)
FN:170,(anonymous_19)
FN:180,(anonymous_20)
FN:187,(anonymous_21)
FN:203,(anonymous_22)
FN:210,(anonymous_23)
FN:219,(anonymous_24)
FN:233,(anonymous_25)
FN:236,(anonymous_26)
FN:249,(anonymous_27)
FN:262,(anonymous_28)
FN:283,(anonymous_29)
FN:305,(anonymous_30)
FN:313,(anonymous_31)
FN:323,(anonymous_32)
FN:339,(anonymous_33)
FN:360,(anonymous_34)
FN:373,(anonymous_35)
FN:375,(anonymous_36)
FN:380,(anonymous_37)
FN:382,(anonymous_38)
FN:387,(anonymous_39)
FN:395,(anonymous_40)
FN:405,(anonymous_41)
FN:418,(anonymous_42)
FN:440,(anonymous_43)
FN:449,(anonymous_44)
FN:459,(anonymous_45)
FN:470,(anonymous_46)
FN:491,(anonymous_47)
FN:495,(anonymous_48)
FN:510,(anonymous_49)
FN:520,(anonymous_50)
FN:544,(anonymous_51)
FN:552,(anonymous_52)
FN:564,(anonymous_53)
FN:575,(anonymous_54)
FN:587,(anonymous_55)
FN:589,(anonymous_56)
FN:596,(anonymous_57)
FN:599,(anonymous_58)
FN:605,(anonymous_59)
FNF:60
FNH:17
FNDA:16,(anonymous_0)
FNDA:16,(anonymous_1)
FNDA:16,(anonymous_2)
FNDA:128,(anonymous_3)
FNDA:321,(anonymous_4)
FNDA:10,(anonymous_5)
FNDA:8,(anonymous_6)
FNDA:8,(anonymous_7)
FNDA:0,(anonymous_8)
FNDA:0,(anonymous_9)
FNDA:0,(anonymous_10)
FNDA:0,(anonymous_11)
FNDA:0,(anonymous_12)
FNDA:0,(anonymous_13)
FNDA:0,(anonymous_14)
FNDA:0,(anonymous_15)
FNDA:0,(anonymous_16)
FNDA:0,(anonymous_17)
FNDA:0,(anonymous_18)
FNDA:0,(anonymous_19)
FNDA:0,(anonymous_20)
FNDA:0,(anonymous_21)
FNDA:16,(anonymous_22)
FNDA:8,(anonymous_23)
FNDA:8,(anonymous_24)
FNDA:0,(anonymous_25)
FNDA:0,(anonymous_26)
FNDA:120,(anonymous_27)
FNDA:313,(anonymous_28)
FNDA:313,(anonymous_29)
FNDA:10,(anonymous_30)
FNDA:0,(anonymous_31)
FNDA:0,(anonymous_32)
FNDA:10,(anonymous_33)
FNDA:0,(anonymous_34)
FNDA:0,(anonymous_35)
FNDA:0,(anonymous_36)
FNDA:0,(anonymous_37)
FNDA:0,(anonymous_38)
FNDA:0,(anonymous_39)
FNDA:0,(anonymous_40)
FNDA:0,(anonymous_41)
FNDA:0,(anonymous_42)
FNDA:443,(anonymous_43)
FNDA:0,(anonymous_44)
FNDA:0,(anonymous_45)
FNDA:0,(anonymous_46)
FNDA:0,(anonymous_47)
FNDA:0,(anonymous_48)
FNDA:0,(anonymous_49)
FNDA:0,(anonymous_50)
FNDA:0,(anonymous_51)
FNDA:0,(anonymous_52)
FNDA:0,(anonymous_53)
FNDA:0,(anonymous_54)
FNDA:0,(anonymous_55)
FNDA:0,(anonymous_56)
FNDA:0,(anonymous_57)
FNDA:0,(anonymous_58)
FNDA:0,(anonymous_59)
DA:10,1
DA:16,1
DA:23,16
DA:26,16
DA:27,16
DA:28,16
DA:30,16
DA:42,16
DA:43,16
DA:44,16
DA:47,16
DA:50,16
DA:52,16
DA:55,16
DA:60,16
DA:68,16
DA:70,8
DA:72,128
DA:73,128
DA:75,0
DA:79,321
DA:80,321
DA:81,321
DA:83,0
DA:87,10
DA:88,10
DA:89,10
DA:91,0
DA:95,8
DA:97,8
DA:99,8
DA:101,8
DA:110,0
DA:111,0
DA:113,0
DA:117,0
DA:118,0
DA:123,0
DA:125,0
DA:134,0
DA:135,0
DA:137,0
DA:141,0
DA:142,0
DA:147,0
DA:149,0
DA:157,0
DA:158,0
DA:160,0
DA:164,0
DA:165,0
DA:170,0
DA:172,0
DA:181,0
DA:182,0
DA:184,0
DA:188,0
DA:189,0
DA:195,0
DA:204,16
DA:206,16
DA:208,16
DA:209,16
DA:211,8
DA:212,0
DA:213,0
DA:215,8
DA:216,8
DA:220,8
DA:221,8
DA:224,0
DA:225,0
DA:234,0
DA:235,0
DA:237,0
DA:238,0
DA:250,120
DA:251,120
DA:263,313
DA:264,313
DA:267,313
DA:268,313
DA:269,313
DA:270,313
DA:271,313
DA:273,313
DA:274,313
DA:277,313
DA:279,313
DA:282,313
DA:285,313
DA:294,313
DA:306,10
DA:307,10
DA:308,10
DA:311,10
DA:312,0
DA:314,0
DA:315,0
DA:316,0
DA:317,0
DA:319,0
DA:321,0
DA:325,0
DA:333,0
DA:338,10
DA:341,10
DA:349,10
DA:361,0
DA:363,0
DA:367,0
DA:368,0
DA:369,0
DA:372,0
DA:375,0
DA:376,0
DA:380,0
DA:381,0
DA:383,0
DA:384,0
DA:388,0
DA:393,0
DA:396,0
DA:408,0
DA:420,0
DA:421,0
DA:424,0
DA:425,0
DA:426,0
DA:430,0
DA:441,443
DA:450,0
DA:460,0
DA:461,0
DA:471,0
DA:474,0
DA:478,0
DA:479,0
DA:484,0
DA:486,0
DA:490,0
DA:493,0
DA:494,0
DA:496,0
DA:500,0
DA:511,0
DA:512,0
DA:520,0
DA:521,0
DA:522,0
DA:524,0
DA:525,0
DA:526,0
DA:532,0
DA:537,0
DA:538,0
DA:540,0
DA:543,0
DA:545,0
DA:546,0
DA:553,0
DA:554,0
DA:563,0
DA:565,0
DA:576,0
DA:577,0
DA:583,0
DA:584,0
DA:587,0
DA:588,0
DA:590,0
DA:591,0
DA:592,0
DA:594,0
DA:597,0
DA:600,0
DA:604,0
DA:606,0
DA:611,1
LF:179
LH:63
BRDA:42,0,0,16
BRDA:42,0,1,0
BRDA:43,1,0,16
BRDA:43,1,1,0
BRDA:44,2,0,16
BRDA:44,2,1,0
BRDA:68,3,0,8
BRDA:68,3,1,8
BRDA:95,4,0,8
BRDA:95,4,1,0
BRDA:110,5,0,0
BRDA:110,5,1,0
BRDA:110,6,0,0
BRDA:110,6,1,0
BRDA:134,7,0,0
BRDA:134,7,1,0
BRDA:134,8,0,0
BRDA:134,8,1,0
BRDA:137,9,0,0
BRDA:137,9,1,0
BRDA:157,10,0,0
BRDA:157,10,1,0
BRDA:157,11,0,0
BRDA:157,11,1,0
BRDA:160,12,0,0
BRDA:160,12,1,0
BRDA:181,13,0,0
BRDA:181,13,1,0
BRDA:181,14,0,0
BRDA:181,14,1,0
BRDA:182,15,0,0
BRDA:182,15,1,0
BRDA:211,16,0,0
BRDA:211,16,1,8
BRDA:268,17,0,313
BRDA:268,17,1,313
BRDA:273,18,0,313
BRDA:273,18,1,0
BRDA:277,19,0,313
BRDA:277,19,1,0
BRDA:308,20,0,10
BRDA:308,20,1,0
BRDA:311,21,0,0
BRDA:311,21,1,10
BRDA:314,22,0,0
BRDA:314,22,1,0
BRDA:315,23,0,0
BRDA:315,23,1,0
BRDA:361,24,0,0
BRDA:361,24,1,0
BRDA:361,25,0,0
BRDA:361,25,1,0
BRDA:383,26,0,0
BRDA:383,26,1,0
BRDA:383,27,0,0
BRDA:383,27,1,0
BRDA:420,28,0,0
BRDA:420,28,1,0
BRDA:425,29,0,0
BRDA:425,29,1,0
BRDA:450,30,0,0
BRDA:450,30,1,0
BRDA:478,31,0,0
BRDA:478,31,1,0
BRDA:484,32,0,0
BRDA:484,32,1,0
BRDA:493,33,0,0
BRDA:493,33,1,0
BRDA:493,34,0,0
BRDA:493,34,1,0
BRDA:521,35,0,0
BRDA:521,35,1,0
BRDA:522,36,0,0
BRDA:522,36,1,0
BRDA:522,37,0,0
BRDA:522,37,1,0
BRDA:524,38,0,0
BRDA:524,38,1,0
BRDA:537,39,0,0
BRDA:537,39,1,0
BRDA:558,40,0,0
BRDA:558,40,1,0
BRDA:583,41,0,0
BRDA:583,41,1,0
BRDA:590,42,0,0
BRDA:590,42,1,0
BRDA:590,43,0,0
BRDA:590,43,1,0
BRF:88
BRH:13
end_of_record
TN:
SF:miniprogram/services/SyncManager.js
FN:25,(anonymous_0)
FN:48,(anonymous_1)
FN:76,(anonymous_2)
FN:130,(anonymous_3)
FN:150,(anonymous_4)
FN:166,(anonymous_5)
FN:182,(anonymous_6)
FN:199,(anonymous_7)
FN:218,(anonymous_8)
FN:234,(anonymous_9)
FN:247,(anonymous_10)
FN:260,(anonymous_11)
FN:266,(anonymous_12)
FN:277,(anonymous_13)
FN:298,(anonymous_14)
FN:304,(anonymous_15)
FN:315,(anonymous_16)
FN:340,(anonymous_17)
FN:352,(anonymous_18)
FN:377,(anonymous_19)
FN:383,(anonymous_20)
FN:390,(anonymous_21)
FN:405,(anonymous_22)
FN:418,(anonymous_23)
FN:426,(anonymous_24)
FN:438,(anonymous_25)
FN:451,(anonymous_26)
FN:474,(anonymous_27)
FN:482,(anonymous_28)
FN:491,(anonymous_29)
FNF:30
FNH:12
FNDA:8,(anonymous_0)
FNDA:8,(anonymous_1)
FNDA:8,(anonymous_2)
FNDA:8,(anonymous_3)
FNDA:0,(anonymous_4)
FNDA:0,(anonymous_5)
FNDA:0,(anonymous_6)
FNDA:0,(anonymous_7)
FNDA:0,(anonymous_8)
FNDA:0,(anonymous_9)
FNDA:0,(anonymous_10)
FNDA:0,(anonymous_11)
FNDA:0,(anonymous_12)
FNDA:0,(anonymous_13)
FNDA:0,(anonymous_14)
FNDA:0,(anonymous_15)
FNDA:0,(anonymous_16)
FNDA:0,(anonymous_17)
FNDA:100,(anonymous_18)
FNDA:313,(anonymous_19)
FNDA:313,(anonymous_20)
FNDA:100,(anonymous_21)
FNDA:120,(anonymous_22)
FNDA:10,(anonymous_23)
FNDA:10,(anonymous_24)
FNDA:0,(anonymous_25)
FNDA:1,(anonymous_26)
FNDA:0,(anonymous_27)
FNDA:0,(anonymous_28)
FNDA:0,(anonymous_29)
DA:11,1
DA:17,1
DA:27,8
DA:28,8
DA:29,8
DA:32,8
DA:35,8
DA:37,8
DA:39,8
DA:49,8
DA:78,8
DA:79,0
DA:83,8
DA:84,8
DA:85,8
DA:88,8
DA:89,8
DA:92,8
DA:93,8
DA:96,8
DA:97,8
DA:100,8
DA:103,8
DA:106,8
DA:112,8
DA:115,8
DA:116,8
DA:117,8
DA:118,8
DA:121,8
DA:122,0
DA:132,8
DA:133,8
DA:134,8
DA:135,8
DA:138,8
DA:141,8
DA:142,8
DA:152,0
DA:155,0
DA:168,0
DA:171,0
DA:184,0
DA:187,0
DA:201,0
DA:204,0
DA:220,0
DA:223,0
DA:235,0
DA:238,0
DA:248,0
DA:251,0
DA:261,0
DA:262,0
DA:265,0
DA:268,0
DA:272,0
DA:278,0
DA:281,0
DA:286,0
DA:299,0
DA:300,0
DA:303,0
DA:306,0
DA:310,0
DA:316,0
DA:319,0
DA:324,0
DA:341,0
DA:353,100
DA:356,100
DA:359,100
DA:378,313
DA:379,313
DA:382,313
DA:385,313
DA:387,100
DA:391,100
DA:395,213
DA:406,120
DA:419,10
DA:420,10
DA:423,10
DA:428,10
DA:430,0
DA:439,0
DA:443,10
DA:452,1
DA:453,1
DA:461,1
DA:475,0
DA:483,0
DA:492,0
DA:496,1
LF:94
LH:56
BRDA:27,0,0,8
BRDA:27,0,1,0
BRDA:28,1,0,8
BRDA:28,1,1,0
BRDA:29,2,0,8
BRDA:29,2,1,0
BRDA:50,3,0,8
BRDA:50,3,1,0
BRDA:51,4,0,8
BRDA:51,4,1,0
BRDA:52,5,0,8
BRDA:52,5,1,0
BRDA:56,6,0,8
BRDA:56,6,1,8
BRDA:60,7,0,8
BRDA:60,7,1,8
BRDA:64,8,0,8
BRDA:64,8,1,6
BRDA:65,9,0,8
BRDA:65,9,1,7
BRDA:66,10,0,8
BRDA:66,10,1,7
BRDA:67,11,0,0
BRDA:67,11,1,8
BRDA:78,12,0,0
BRDA:78,12,1,8
BRDA:121,13,0,0
BRDA:121,13,1,8
BRDA:220,14,0,0
BRDA:220,14,1,0
BRDA:353,15,0,100
BRDA:353,15,1,0
BRDA:364,16,0,100
BRDA:364,16,1,100
BRDA:379,17,0,313
BRDA:379,17,1,213
BRDA:385,18,0,100
BRDA:385,18,1,213
BRDA:420,19,0,10
BRDA:420,19,1,10
BRDA:428,20,0,0
BRDA:428,20,1,10
BRF:42
BRH:29
end_of_record
TN:
SF:miniprogram/services/SyncScheduler.js
FN:30,(anonymous_0)
FN:71,(anonymous_1)
FN:87,(anonymous_2)
FN:96,(anonymous_3)
FN:97,(anonymous_4)
FN:109,(anonymous_5)
FN:110,(anonymous_6)
FN:122,(anonymous_7)
FN:123,(anonymous_8)
FN:140,(anonymous_9)
FN:142,(anonymous_10)
FN:156,(anonymous_11)
FN:179,(anonymous_12)
FN:198,(anonymous_13)
FN:199,(anonymous_14)
FN:257,(anonymous_15)
FN:271,(anonymous_16)
FN:272,(anonymous_17)
FN:297,(anonymous_18)
FN:298,(anonymous_19)
FN:299,(anonymous_20)
FN:321,(anonymous_21)
FN:322,(anonymous_22)
FN:368,(anonymous_23)
FN:369,(anonymous_24)
FN:395,(anonymous_25)
FN:411,(anonymous_26)
FN:412,(anonymous_27)
FN:448,(anonymous_28)
FN:449,(anonymous_29)
FN:477,(anonymous_30)
FN:478,(anonymous_31)
FN:511,(anonymous_32)
FN:512,(anonymous_33)
FN:546,(anonymous_34)
FN:574,(anonymous_35)
FN:587,(anonymous_36)
FN:621,(anonymous_37)
FN:624,(anonymous_38)
FN:645,(anonymous_39)
FN:668,(anonymous_40)
FN:671,(anonymous_41)
FN:682,(anonymous_42)
FN:710,(anonymous_43)
FN:752,(anonymous_44)
FN:782,(anonymous_45)
FN:803,(anonymous_46)
FN:843,(anonymous_47)
FN:857,(anonymous_48)
FNF:49
FNH:7
FNDA:8,(anonymous_0)
FNDA:8,(anonymous_1)
FNDA:8,(anonymous_2)
FNDA:0,(anonymous_3)
FNDA:0,(anonymous_4)
FNDA:0,(anonymous_5)
FNDA:0,(anonymous_6)
FNDA:0,(anonymous_7)
FNDA:0,(anonymous_8)
FNDA:0,(anonymous_9)
FNDA:0,(anonymous_10)
FNDA:0,(anonymous_11)
FNDA:8,(anonymous_12)
FNDA:100,(anonymous_13)
FNDA:100,(anonymous_14)
FNDA:100,(anonymous_15)
FNDA:0,(anonymous_16)
FNDA:0,(anonymous_17)
FNDA:0,(anonymous_18)
FNDA:0,(anonymous_19)
FNDA:0,(anonymous_20)
FNDA:0,(anonymous_21)
FNDA:0,(anonymous_22)
FNDA:0,(anonymous_23)
FNDA:0,(anonymous_24)
FNDA:0,(anonymous_25)
FNDA:0,(anonymous_26)
FNDA:0,(anonymous_27)
FNDA:0,(anonymous_28)
FNDA:0,(anonymous_29)
FNDA:0,(anonymous_30)
FNDA:0,(anonymous_31)
FNDA:0,(anonymous_32)
FNDA:0,(anonymous_33)
FNDA:0,(anonymous_34)
FNDA:0,(anonymous_35)
FNDA:0,(anonymous_36)
FNDA:0,(anonymous_37)
FNDA:0,(anonymous_38)
FNDA:0,(anonymous_39)
FNDA:0,(anonymous_40)
FNDA:0,(anonymous_41)
FNDA:0,(anonymous_42)
FNDA:0,(anonymous_43)
FNDA:0,(anonymous_44)
FNDA:0,(anonymous_45)
FNDA:0,(anonymous_46)
FNDA:0,(anonymous_47)
FNDA:0,(anonymous_48)
DA:14,1
DA:20,1
DA:32,8
DA:33,8
DA:36,8
DA:39,8
DA:49,8
DA:52,8
DA:55,8
DA:58,8
DA:60,8
DA:62,8
DA:72,8
DA:89,8
DA:97,0
DA:98,0
DA:110,0
DA:111,0
DA:123,0
DA:125,0
DA:126,0
DA:128,0
DA:141,0
DA:142,0
DA:144,0
DA:145,0
DA:146,0
DA:148,0
DA:149,0
DA:153,0
DA:157,0
DA:160,0
DA:161,0
DA:162,0
DA:163,0
DA:165,0
DA:172,8
DA:181,8
DA:184,8
DA:185,8
DA:199,100
DA:200,100
DA:202,100
DA:203,0
DA:207,100
DA:208,100
DA:209,1
DA:213,99
DA:214,99
DA:229,99
DA:230,99
DA:233,99
DA:239,99
DA:240,0
DA:243,99
DA:245,0
DA:246,0
DA:258,100
DA:259,4874
DA:260,1
DA:263,99
DA:272,0
DA:273,0
DA:274,0
DA:275,0
DA:276,0
DA:279,0
DA:288,0
DA:298,0
DA:299,0
DA:300,0
DA:312,0
DA:322,0
DA:323,0
DA:324,0
DA:325,0
DA:326,0
DA:327,0
DA:328,0
DA:332,0
DA:333,0
DA:336,0
DA:339,0
DA:340,0
DA:344,0
DA:345,0
DA:348,0
DA:349,0
DA:352,0
DA:357,0
DA:359,0
DA:369,0
DA:370,0
DA:372,0
DA:373,0
DA:377,0
DA:378,0
DA:382,0
DA:383,0
DA:384,0
DA:387,0
DA:392,0
DA:395,0
DA:396,0
DA:399,0
DA:401,0
DA:402,0
DA:412,0
DA:413,0
DA:415,0
DA:416,0
DA:420,0
DA:421,0
DA:422,0
DA:424,0
DA:427,0
DA:428,0
DA:429,0
DA:432,0
DA:436,0
DA:438,0
DA:439,0
DA:449,0
DA:450,0
DA:452,0
DA:453,0
DA:457,0
DA:458,0
DA:461,0
DA:465,0
DA:467,0
DA:468,0
DA:478,0
DA:479,0
DA:481,0
DA:482,0
DA:486,0
DA:487,0
DA:490,0
DA:495,0
DA:497,0
DA:499,0
DA:500,0
DA:512,0
DA:513,0
DA:515,0
DA:516,0
DA:520,0
DA:523,0
DA:526,0
DA:527,0
DA:528,0
DA:529,0
DA:535,0
DA:536,0
DA:539,0
DA:541,0
DA:542,0
DA:546,0
DA:547,0
DA:551,0
DA:555,0
DA:562,0
DA:564,0
DA:565,0
DA:575,0
DA:589,0
DA:590,0
DA:594,0
DA:597,0
DA:598,0
DA:599,0
DA:603,0
DA:604,0
DA:605,0
DA:609,0
DA:612,0
DA:613,0
DA:622,0
DA:624,0
DA:626,0
DA:627,0
DA:631,0
DA:632,0
DA:633,0
DA:636,0
DA:647,0
DA:648,0
DA:651,0
DA:653,0
DA:656,0
DA:657,0
DA:658,0
DA:662,0
DA:669,0
DA:672,0
DA:684,0
DA:685,0
DA:686,0
DA:689,0
DA:691,0
DA:694,0
DA:701,0
DA:711,0
DA:714,0
DA:717,0
DA:718,0
DA:721,0
DA:728,0
DA:730,0
DA:732,0
DA:735,0
DA:736,0
DA:737,0
DA:739,0
DA:742,0
DA:752,0
DA:754,0
DA:758,0
DA:760,0
DA:763,0
DA:773,0
DA:784,0
DA:787,0
DA:790,0
DA:793,0
DA:795,0
DA:805,0
DA:806,0
DA:809,0
DA:810,0
DA:812,0
DA:815,0
DA:816,0
DA:820,0
DA:822,0
DA:823,0
DA:827,0
DA:828,0
DA:832,0
DA:835,0
DA:844,0
DA:847,0
DA:850,0
DA:858,0
DA:861,0
DA:865,1
LF:247
LH:36
BRDA:32,0,0,8
BRDA:32,0,1,0
BRDA:33,1,0,8
BRDA:33,1,1,0
BRDA:36,2,0,8
BRDA:36,2,1,0
BRDA:73,3,0,8
BRDA:73,3,1,0
BRDA:74,4,0,8
BRDA:74,4,1,0
BRDA:75,5,0,8
BRDA:75,5,1,0
BRDA:76,6,0,8
BRDA:76,6,1,0
BRDA:78,7,0,8
BRDA:78,7,1,8
BRDA:79,8,0,8
BRDA:79,8,1,8
BRDA:125,9,0,0
BRDA:125,9,1,0
BRDA:144,10,0,0
BRDA:144,10,1,0
BRDA:144,11,0,0
BRDA:144,11,1,0
BRDA:144,11,2,0
BRDA:148,12,0,0
BRDA:148,12,1,0
BRDA:148,13,0,0
BRDA:148,13,1,0
BRDA:149,14,0,0
BRDA:149,14,1,0
BRDA:149,15,0,0
BRDA:149,15,1,0
BRDA:160,16,0,0
BRDA:160,16,1,0
BRDA:162,17,0,0
BRDA:162,17,1,0
BRDA:202,18,0,0
BRDA:202,18,1,100
BRDA:202,19,0,100
BRDA:202,19,1,100
BRDA:202,19,2,100
BRDA:202,19,3,100
BRDA:208,20,0,1
BRDA:208,20,1,99
BRDA:218,21,0,99
BRDA:218,21,1,0
BRDA:219,22,0,99
BRDA:219,22,1,0
BRDA:239,23,0,0
BRDA:239,23,1,99
BRDA:239,24,0,99
BRDA:239,24,1,0
BRDA:259,25,0,1
BRDA:259,25,1,4873
BRDA:275,26,0,0
BRDA:275,26,1,0
BRDA:326,27,0,0
BRDA:326,27,1,0
BRDA:332,28,0,0
BRDA:332,28,1,0
BRDA:339,29,0,0
BRDA:339,29,1,0
BRDA:339,30,0,0
BRDA:339,30,1,0
BRDA:372,31,0,0
BRDA:372,31,1,0
BRDA:377,32,0,0
BRDA:377,32,1,0
BRDA:415,33,0,0
BRDA:415,33,1,0
BRDA:452,34,0,0
BRDA:452,34,1,0
BRDA:452,35,0,0
BRDA:452,35,1,0
BRDA:481,36,0,0
BRDA:481,36,1,0
BRDA:481,37,0,0
BRDA:481,37,1,0
BRDA:515,38,0,0
BRDA:515,38,1,0
BRDA:526,39,0,0
BRDA:526,39,1,0
BRDA:528,40,0,0
BRDA:528,40,1,0
BRDA:539,41,0,0
BRDA:539,41,1,0
BRDA:541,42,0,0
BRDA:541,42,1,0
BRDA:589,43,0,0
BRDA:589,43,1,0
BRDA:589,44,0,0
BRDA:589,44,1,0
BRDA:598,45,0,0
BRDA:598,45,1,0
BRDA:604,46,0,0
BRDA:604,46,1,0
BRDA:626,47,0,0
BRDA:626,47,1,0
BRDA:626,48,0,0
BRDA:626,48,1,0
BRDA:631,49,0,0
BRDA:631,49,1,0
BRDA:631,50,0,0
BRDA:631,50,1,0
BRDA:656,51,0,0
BRDA:656,51,1,0
BRDA:730,52,0,0
BRDA:730,52,1,0
BRDA:805,53,0,0
BRDA:805,53,1,0
BRDA:810,54,0,0
BRDA:810,54,1,0
BRDA:812,55,0,0
BRDA:812,55,1,0
BRDA:815,56,0,0
BRDA:815,56,1,0
BRDA:820,57,0,0
BRDA:820,57,1,0
BRDA:822,58,0,0
BRDA:822,58,1,0
BRDA:827,59,0,0
BRDA:827,59,1,0
BRDA:827,60,0,0
BRDA:827,60,1,0
BRF:125
BRH:24
end_of_record
TN:
SF:miniprogram/services/syncService.js
FN:46,(anonymous_0)
FN:63,(anonymous_1)
FN:108,(anonymous_2)
FN:115,(anonymous_3)
FN:161,(anonymous_4)
FN:203,(anonymous_5)
FN:212,(anonymous_6)
FN:221,(anonymous_7)
FN:230,(anonymous_8)
FN:238,(anonymous_9)
FN:245,(anonymous_10)
FN:253,(anonymous_11)
FN:265,(anonymous_12)
FN:292,(anonymous_13)
FN:293,(anonymous_14)
FN:337,(anonymous_15)
FN:346,(anonymous_16)
FN:360,(anonymous_17)
FN:368,(anonymous_18)
FN:369,(anonymous_19)
FN:377,(anonymous_20)
FN:394,(anonymous_21)
FN:418,(anonymous_22)
FN:423,(anonymous_23)
FN:425,(anonymous_24)
FN:427,(anonymous_25)
FN:435,(anonymous_26)
FN:441,(anonymous_27)
FN:465,(anonymous_28)
FN:469,(anonymous_29)
FN:472,(anonymous_30)
FN:476,(anonymous_31)
FN:478,(anonymous_32)
FN:496,(anonymous_33)
FN:513,(anonymous_34)
FN:526,(anonymous_35)
FN:541,(anonymous_36)
FN:553,(anonymous_37)
FN:576,(anonymous_38)
FN:585,(anonymous_39)
FN:594,(anonymous_40)
FN:602,(anonymous_41)
FN:610,(anonymous_42)
FN:623,(anonymous_43)
FN:663,(anonymous_44)
FN:664,(anonymous_45)
FN:675,(anonymous_46)
FN:676,(anonymous_47)
FN:695,(anonymous_48)
FNF:49
FNH:5
FNDA:0,(anonymous_0)
FNDA:0,(anonymous_1)
FNDA:0,(anonymous_2)
FNDA:0,(anonymous_3)
FNDA:8,(anonymous_4)
FNDA:0,(anonymous_5)
FNDA:8,(anonymous_6)
FNDA:0,(anonymous_7)
FNDA:0,(anonymous_8)
FNDA:0,(anonymous_9)
FNDA:0,(anonymous_10)
FNDA:0,(anonymous_11)
FNDA:8,(anonymous_12)
FNDA:0,(anonymous_13)
FNDA:0,(anonymous_14)
FNDA:0,(anonymous_15)
FNDA:0,(anonymous_16)
FNDA:0,(anonymous_17)
FNDA:0,(anonymous_18)
FNDA:0,(anonymous_19)
FNDA:0,(anonymous_20)
FNDA:0,(anonymous_21)
FNDA:0,(anonymous_22)
FNDA:0,(anonymous_23)
FNDA:0,(anonymous_24)
FNDA:0,(anonymous_25)
FNDA:0,(anonymous_26)
FNDA:0,(anonymous_27)
FNDA:0,(anonymous_28)
FNDA:0,(anonymous_29)
FNDA:0,(anonymous_30)
FNDA:0,(anonymous_31)
FNDA:0,(anonymous_32)
FNDA:8,(anonymous_33)
FNDA:1,(anonymous_34)
FNDA:0,(anonymous_35)
FNDA:0,(anonymous_36)
FNDA:0,(anonymous_37)
FNDA:0,(anonymous_38)
FNDA:0,(anonymous_39)
FNDA:0,(anonymous_40)
FNDA:0,(anonymous_41)
FNDA:0,(anonymous_42)
FNDA:0,(anonymous_43)
FNDA:0,(anonymous_44)
FNDA:0,(anonymous_45)
FNDA:0,(anonymous_46)
FNDA:0,(anonymous_47)
FNDA:0,(anonymous_48)
DA:8,1
DA:14,1
DA:47,0
DA:48,0
DA:51,0
DA:52,0
DA:64,0
DA:65,0
DA:68,0
DA:69,0
DA:72,0
DA:76,0
DA:77,0
DA:79,0
DA:82,0
DA:83,0
DA:84,0
DA:85,0
DA:87,0
DA:92,0
DA:96,0
DA:97,0
DA:101,0
DA:109,0
DA:116,0
DA:137,1
DA:163,8
DA:164,0
DA:168,8
DA:176,8
DA:179,8
DA:180,0
DA:184,8
DA:186,8
DA:187,0
DA:188,8
DA:189,0
DA:191,8
DA:195,8
DA:204,0
DA:213,8
DA:222,0
DA:231,0
DA:239,0
DA:246,0
DA:254,0
DA:255,0
DA:260,1
DA:266,8
DA:269,8
DA:276,8
DA:279,8
DA:281,8
DA:282,8
DA:293,0
DA:294,0
DA:296,0
DA:307,0
DA:310,0
DA:313,0
DA:318,0
DA:321,0
DA:322,0
DA:325,0
DA:327,0
DA:328,0
DA:339,0
DA:340,0
DA:343,0
DA:346,0
DA:348,0
DA:349,0
DA:350,0
DA:353,0
DA:356,0
DA:357,0
DA:360,0
DA:361,0
DA:363,0
DA:365,0
DA:368,0
DA:370,0
DA:371,0
DA:374,0
DA:377,0
DA:378,0
DA:382,0
DA:385,0
DA:390,0
DA:392,0
DA:395,0
DA:398,0
DA:400,0
DA:403,0
DA:408,0
DA:419,0
DA:423,0
DA:425,0
DA:427,0
DA:428,0
DA:429,0
DA:433,0
DA:434,0
DA:436,0
DA:437,0
DA:438,0
DA:442,0
DA:446,0
DA:449,0
DA:454,0
DA:456,0
DA:466,0
DA:468,0
DA:469,0
DA:471,0
DA:472,0
DA:473,0
DA:476,0
DA:478,0
DA:479,0
DA:484,0
DA:486,0
DA:488,0
DA:497,8
DA:498,8
DA:499,8
DA:500,0
DA:501,0
DA:504,0
DA:505,0
DA:514,1
DA:527,0
DA:530,0
DA:531,0
DA:532,0
DA:544,0
DA:554,0
DA:556,0
DA:559,0
DA:560,0
DA:564,0
DA:565,0
DA:569,0
DA:577,0
DA:586,0
DA:587,0
DA:595,0
DA:596,0
DA:603,0
DA:604,0
DA:611,0
DA:612,0
DA:624,0
DA:627,0
DA:628,0
DA:630,0
DA:633,0
DA:634,0
DA:635,0
DA:636,0
DA:637,0
DA:644,0
DA:646,0
DA:648,0
DA:649,0
DA:650,0
DA:652,0
DA:663,0
DA:665,0
DA:670,0
DA:674,0
DA:676,0
DA:677,0
DA:679,0
DA:688,0
DA:691,0
DA:693,0
DA:696,0
DA:699,0
DA:701,0
DA:706,1
LF:181
LH:25
BRDA:51,0,0,0
BRDA:51,0,1,0
BRDA:65,1,0,0
BRDA:65,1,1,0
BRDA:76,2,0,0
BRDA:76,2,1,0
BRDA:82,3,0,0
BRDA:82,3,1,0
BRDA:84,4,0,0
BRDA:84,4,1,0
BRDA:92,5,0,0
BRDA:92,5,1,0
BRDA:96,6,0,0
BRDA:96,6,1,0
BRDA:163,7,0,0
BRDA:163,7,1,8
BRDA:172,8,0,8
BRDA:172,8,1,8
BRDA:179,9,0,0
BRDA:179,9,1,8
BRDA:186,10,0,0
BRDA:186,10,1,8
BRDA:187,11,0,0
BRDA:187,11,1,0
BRDA:188,12,0,0
BRDA:188,12,1,8
BRDA:189,13,0,0
BRDA:189,13,1,0
BRDA:191,14,0,8
BRDA:191,14,1,8
BRDA:254,15,0,0
BRDA:254,15,1,0
BRDA:321,16,0,0
BRDA:321,16,1,0
BRDA:339,17,0,0
BRDA:339,17,1,0
BRDA:339,18,0,0
BRDA:339,18,1,0
BRDA:348,19,0,0
BRDA:348,19,1,0
BRDA:378,20,0,0
BRDA:378,20,1,0
BRDA:428,21,0,0
BRDA:428,21,1,0
BRDA:436,22,0,0
BRDA:436,22,1,0
BRDA:471,23,0,0
BRDA:471,23,1,0
BRDA:479,24,0,0
BRDA:479,24,1,0
BRDA:499,25,0,0
BRDA:499,25,1,8
BRDA:530,26,0,0
BRDA:530,26,1,0
BRDA:530,27,0,0
BRDA:530,27,1,0
BRDA:554,28,0,0
BRDA:554,28,1,0
BRDA:556,29,0,0
BRDA:556,29,1,0
BRDA:559,30,0,0
BRDA:559,30,1,0
BRDA:564,31,0,0
BRDA:564,31,1,0
BRDA:587,32,0,0
BRDA:587,32,1,0
BRDA:624,33,0,0
BRDA:624,33,1,0
BRDA:633,34,0,0
BRDA:633,34,1,0
BRDA:644,35,0,0
BRDA:644,35,1,0
BRDA:644,36,0,0
BRDA:644,36,1,0
BRDA:644,36,2,0
BRDA:644,36,3,0
BRDA:650,37,0,0
BRDA:650,37,1,0
BRDA:656,38,0,0
BRDA:656,38,1,0
BRF:80
BRH:9
end_of_record
TN:
SF:miniprogram/utils/testing/wx-mock.js
FN:50,(anonymous_0)
FN:61,(anonymous_1)
FN:66,(anonymous_2)
FN:79,(anonymous_3)
FN:106,(anonymous_4)
FN:116,(anonymous_5)
FN:131,(anonymous_6)
FN:139,(anonymous_7)
FN:153,(anonymous_8)
FN:157,(anonymous_9)
FN:172,(anonymous_10)
FN:180,(anonymous_11)
FN:190,(anonymous_12)
FN:195,(anonymous_13)
FN:204,(anonymous_14)
FN:209,(anonymous_15)
FN:218,(anonymous_16)
FN:223,(anonymous_17)
FN:235,(anonymous_18)
FN:245,(anonymous_19)
FN:247,(anonymous_20)
FN:257,(anonymous_21)
FN:260,(anonymous_22)
FN:261,(anonymous_23)
FN:268,(anonymous_24)
FN:284,(anonymous_25)
FN:296,(anonymous_26)
FN:305,(anonymous_27)
FN:307,(anonymous_28)
FN:309,(anonymous_29)
FN:311,(anonymous_30)
FN:312,(anonymous_31)
FN:313,(anonymous_32)
FN:314,(anonymous_33)
FN:317,(anonymous_34)
FN:319,(anonymous_35)
FN:320,(anonymous_36)
FN:321,(anonymous_37)
FN:323,(anonymous_38)
FN:325,(anonymous_39)
FN:332,(anonymous_40)
FNF:41
FNH:2
FNDA:0,(anonymous_0)
FNDA:8,(anonymous_1)
FNDA:24,(anonymous_2)
FNDA:0,(anonymous_3)
FNDA:0,(anonymous_4)
FNDA:0,(anonymous_5)
FNDA:0,(anonymous_6)
FNDA:0,(anonymous_7)
FNDA:0,(anonymous_8)
FNDA:0,(anonymous_9)
FNDA:0,(anonymous_10)
FNDA:0,(anonymous_11)
FNDA:0,(anonymous_12)
FNDA:0,(anonymous_13)
FNDA:0,(anonymous_14)
FNDA:0,(anonymous_15)
FNDA:0,(anonymous_16)
FNDA:0,(anonymous_17)
FNDA:0,(anonymous_18)
FNDA:0,(anonymous_19)
FNDA:0,(anonymous_20)
FNDA:0,(anonymous_21)
FNDA:0,(anonymous_22)
FNDA:0,(anonymous_23)
FNDA:0,(anonymous_24)
FNDA:0,(anonymous_25)
FNDA:0,(anonymous_26)
FNDA:0,(anonymous_27)
FNDA:0,(anonymous_28)
FNDA:0,(anonymous_29)
FNDA:0,(anonymous_30)
FNDA:0,(anonymous_31)
FNDA:0,(anonymous_32)
FNDA:0,(anonymous_33)
FNDA:0,(anonymous_34)
FNDA:0,(anonymous_35)
FNDA:0,(anonymous_36)
FNDA:0,(anonymous_37)
FNDA:0,(anonymous_38)
FNDA:0,(anonymous_39)
FNDA:0,(anonymous_40)
DA:7,1
DA:14,1
DA:50,1
DA:51,0
DA:52,0
DA:54,0
DA:55,0
DA:57,0
DA:61,1
DA:63,8
DA:66,8
DA:67,24
DA:72,1
DA:80,0
DA:83,0
DA:84,0
DA:91,0
DA:92,0
DA:107,0
DA:108,0
DA:110,0
DA:111,0
DA:117,0
DA:118,0
DA:119,0
DA:120,0
DA:122,0
DA:123,0
DA:126,0
DA:127,0
DA:132,0
DA:133,0
DA:135,0
DA:140,0
DA:141,0
DA:142,0
DA:144,0
DA:145,0
DA:148,0
DA:149,0
DA:154,0
DA:158,0
DA:159,0
DA:160,0
DA:161,0
DA:163,0
DA:164,0
DA:167,0
DA:168,0
DA:173,0
DA:174,0
DA:176,0
DA:181,0
DA:182,0
DA:183,0
DA:185,0
DA:186,0
DA:191,0
DA:196,0
DA:197,0
DA:199,0
DA:200,0
DA:205,0
DA:210,0
DA:211,0
DA:213,0
DA:214,0
DA:219,0
DA:224,0
DA:225,0
DA:227,0
DA:228,0
DA:236,0
DA:237,0
DA:239,0
DA:240,0
DA:246,0
DA:248,0
DA:249,0
DA:251,0
DA:252,0
DA:258,0
DA:259,0
DA:269,0
DA:270,0
DA:278,0
DA:279,0
DA:285,0
DA:286,0
DA:288,0
DA:289,0
DA:297,0
DA:298,0
DA:300,0
DA:301,0
DA:303,0
DA:306,0
DA:308,0
DA:310,0
DA:311,0
DA:312,0
DA:313,0
DA:314,0
DA:318,0
DA:319,0
DA:320,0
DA:322,0
DA:324,0
DA:325,0
DA:332,0
DA:340,1
LF:111
LH:9
BRDA:50,0,0,0
BRDA:51,1,0,0
BRDA:51,1,1,0
BRDA:54,2,0,0
BRDA:54,2,1,0
BRDA:79,3,0,0
BRDA:80,4,0,0
BRDA:83,5,0,0
BRDA:83,5,1,0
BRDA:91,6,0,0
BRDA:91,6,1,0
BRDA:106,7,0,0
BRDA:107,8,0,0
BRDA:107,8,1,0
BRDA:110,9,0,0
BRDA:110,9,1,0
BRDA:116,10,0,0
BRDA:117,11,0,0
BRDA:117,11,1,0
BRDA:117,12,0,0
BRDA:117,12,1,0
BRDA:119,13,0,0
BRDA:119,13,1,0
BRDA:122,14,0,0
BRDA:122,14,1,0
BRDA:126,15,0,0
BRDA:126,15,1,0
BRDA:132,16,0,0
BRDA:132,16,1,0
BRDA:132,17,0,0
BRDA:132,17,1,0
BRDA:139,18,0,0
BRDA:140,19,0,0
BRDA:140,19,1,0
BRDA:140,20,0,0
BRDA:140,20,1,0
BRDA:141,21,0,0
BRDA:141,21,1,0
BRDA:144,22,0,0
BRDA:144,22,1,0
BRDA:148,23,0,0
BRDA:148,23,1,0
BRDA:154,24,0,0
BRDA:154,24,1,0
BRDA:154,25,0,0
BRDA:154,25,1,0
BRDA:157,26,0,0
BRDA:158,27,0,0
BRDA:158,27,1,0
BRDA:160,28,0,0
BRDA:160,28,1,0
BRDA:163,29,0,0
BRDA:163,29,1,0
BRDA:167,30,0,0
BRDA:167,30,1,0
BRDA:173,31,0,0
BRDA:173,31,1,0
BRDA:180,32,0,0
BRDA:182,33,0,0
BRDA:182,33,1,0
BRDA:185,34,0,0
BRDA:185,34,1,0
BRDA:195,35,0,0
BRDA:196,36,0,0
BRDA:196,36,1,0
BRDA:199,37,0,0
BRDA:199,37,1,0
BRDA:209,38,0,0
BRDA:210,39,0,0
BRDA:210,39,1,0
BRDA:213,40,0,0
BRDA:213,40,1,0
BRDA:223,41,0,0
BRDA:224,42,0,0
BRDA:224,42,1,0
BRDA:227,43,0,0
BRDA:227,43,1,0
BRDA:235,44,0,0
BRDA:236,45,0,0
BRDA:236,45,1,0
BRDA:239,46,0,0
BRDA:239,46,1,0
BRDA:247,47,0,0
BRDA:248,48,0,0
BRDA:248,48,1,0
BRDA:251,49,0,0
BRDA:251,49,1,0
BRDA:268,50,0,0
BRDA:269,51,0,0
BRDA:269,51,1,0
BRDA:278,52,0,0
BRDA:278,52,1,0
BRDA:284,53,0,0
BRDA:285,54,0,0
BRDA:285,54,1,0
BRDA:288,55,0,0
BRDA:288,55,1,0
BRDA:296,56,0,0
BRDA:297,57,0,0
BRDA:297,57,1,0
BRDA:300,58,0,0
BRDA:300,58,1,0
BRF:102
BRH:0
end_of_record
